\BOOKMARK [0][-]{chapter.1}{\376\377\0001\000\040\000H\000i\000e\000r\000a\000r\000c\000h\000i\000c\000a\000l\000\040\000I\000n\000d\000e\000x}{}% 1
\BOOKMARK [1][-]{section.1.1}{\376\377\0001\000.\0001\000\040\000C\000l\000a\000s\000s\000\040\000H\000i\000e\000r\000a\000r\000c\000h\000y}{chapter.1}% 2
\BOOKMARK [0][-]{chapter.2}{\376\377\0002\000\040\000C\000l\000a\000s\000s\000\040\000I\000n\000d\000e\000x}{}% 3
\BOOKMARK [1][-]{section.2.1}{\376\377\0002\000.\0001\000\040\000C\000l\000a\000s\000s\000\040\000L\000i\000s\000t}{chapter.2}% 4
\BOOKMARK [0][-]{chapter.3}{\376\377\0003\000\040\000F\000i\000l\000e\000\040\000I\000n\000d\000e\000x}{}% 5
\BOOKMARK [1][-]{section.3.1}{\376\377\0003\000.\0001\000\040\000F\000i\000l\000e\000\040\000L\000i\000s\000t}{chapter.3}% 6
\BOOKMARK [0][-]{chapter.4}{\376\377\0004\000\040\000C\000l\000a\000s\000s\000\040\000D\000o\000c\000u\000m\000e\000n\000t\000a\000t\000i\000o\000n}{}% 7
\BOOKMARK [1][-]{section.4.1}{\376\377\0004\000.\0001\000\040\000h\000d\000g\000:\000:\000B\000i\000n\000a\000r\000y\000O\000p\000e\000r\000a\000t\000o\000r\000N\000o\000d\000e\000\040\000C\000l\000a\000s\000s\000\040\000R\000e\000f\000e\000r\000e\000n\000c\000e}{chapter.4}% 8
\BOOKMARK [2][-]{subsection.4.1.1}{\376\377\0004\000.\0001\000.\0001\000\040\000M\000e\000m\000b\000e\000r\000\040\000F\000u\000n\000c\000t\000i\000o\000n\000\040\000D\000o\000c\000u\000m\000e\000n\000t\000a\000t\000i\000o\000n}{section.4.1}% 9
\BOOKMARK [3][-]{subsubsection.4.1.1.1}{\376\377\0004\000.\0001\000.\0001\000.\0001\000\040\000i\000n\000t\000e\000r\000p\000r\000e\000t\000\050\000\051}{subsection.4.1.1}% 10
\BOOKMARK [3][-]{subsubsection.4.1.1.2}{\376\377\0004\000.\0001\000.\0001\000.\0002\000\040\000t\000o\000S\000t\000r\000i\000n\000g\000\050\000\051}{subsection.4.1.1}% 11
\BOOKMARK [1][-]{section.4.2}{\376\377\0004\000.\0002\000\040\000h\000d\000g\000:\000:\000C\000a\000l\000l\000N\000o\000d\000e\000\040\000C\000l\000a\000s\000s\000\040\000R\000e\000f\000e\000r\000e\000n\000c\000e}{chapter.4}% 12
\BOOKMARK [2][-]{subsection.4.2.1}{\376\377\0004\000.\0002\000.\0001\000\040\000M\000e\000m\000b\000e\000r\000\040\000F\000u\000n\000c\000t\000i\000o\000n\000\040\000D\000o\000c\000u\000m\000e\000n\000t\000a\000t\000i\000o\000n}{section.4.2}% 13
\BOOKMARK [3][-]{subsubsection.4.2.1.1}{\376\377\0004\000.\0002\000.\0001\000.\0001\000\040\000i\000n\000t\000e\000r\000p\000r\000e\000t\000\050\000\051}{subsection.4.2.1}% 14
\BOOKMARK [3][-]{subsubsection.4.2.1.2}{\376\377\0004\000.\0002\000.\0001\000.\0002\000\040\000t\000o\000S\000t\000r\000i\000n\000g\000\050\000\051}{subsection.4.2.1}% 15
\BOOKMARK [1][-]{section.4.3}{\376\377\0004\000.\0003\000\040\000h\000d\000g\000:\000:\000E\000n\000v\000i\000r\000o\000n\000m\000e\000n\000t\000\040\000C\000l\000a\000s\000s\000\040\000R\000e\000f\000e\000r\000e\000n\000c\000e}{chapter.4}% 16
\BOOKMARK [1][-]{section.4.4}{\376\377\0004\000.\0004\000\040\000h\000d\000g\000:\000:\000E\000r\000r\000o\000r\000\040\000C\000l\000a\000s\000s\000\040\000R\000e\000f\000e\000r\000e\000n\000c\000e}{chapter.4}% 17
\BOOKMARK [1][-]{section.4.5}{\376\377\0004\000.\0005\000\040\000h\000d\000g\000:\000:\000F\000l\000o\000a\000t\000\040\000C\000l\000a\000s\000s\000\040\000R\000e\000f\000e\000r\000e\000n\000c\000e}{chapter.4}% 18
\BOOKMARK [2][-]{subsection.4.5.1}{\376\377\0004\000.\0005\000.\0001\000\040\000M\000e\000m\000b\000e\000r\000\040\000F\000u\000n\000c\000t\000i\000o\000n\000\040\000D\000o\000c\000u\000m\000e\000n\000t\000a\000t\000i\000o\000n}{section.4.5}% 19
\BOOKMARK [3][-]{subsubsection.4.5.1.1}{\376\377\0004\000.\0005\000.\0001\000.\0001\000\040\000a\000n\000d\000O\000p\000e\000r\000a\000t\000o\000r\000\050\000\051}{subsection.4.5.1}% 20
\BOOKMARK [3][-]{subsubsection.4.5.1.2}{\376\377\0004\000.\0005\000.\0001\000.\0002\000\040\000c\000o\000p\000y\000\050\000\051}{subsection.4.5.1}% 21
\BOOKMARK [3][-]{subsubsection.4.5.1.3}{\376\377\0004\000.\0005\000.\0001\000.\0003\000\040\000d\000i\000v\000\050\000\051}{subsection.4.5.1}% 22
\BOOKMARK [3][-]{subsubsection.4.5.1.4}{\376\377\0004\000.\0005\000.\0001\000.\0004\000\040\000e\000q\000u\000a\000t\000i\000o\000n\000\050\000\051}{subsection.4.5.1}% 23
\BOOKMARK [3][-]{subsubsection.4.5.1.5}{\376\377\0004\000.\0005\000.\0001\000.\0005\000\040\000g\000r\000e\000a\000t\000e\000r\000T\000h\000a\000n\000\050\000\051}{subsection.4.5.1}% 24
\BOOKMARK [3][-]{subsubsection.4.5.1.6}{\376\377\0004\000.\0005\000.\0001\000.\0006\000\040\000g\000r\000e\000a\000t\000e\000r\000T\000h\000a\000n\000E\000q\000u\000a\000t\000i\000o\000n\000\050\000\051}{subsection.4.5.1}% 25
\BOOKMARK [3][-]{subsubsection.4.5.1.7}{\376\377\0004\000.\0005\000.\0001\000.\0007\000\040\000i\000s\000T\000r\000u\000e\000\050\000\051}{subsection.4.5.1}% 26
\BOOKMARK [3][-]{subsubsection.4.5.1.8}{\376\377\0004\000.\0005\000.\0001\000.\0008\000\040\000l\000e\000s\000s\000T\000h\000a\000n\000\050\000\051}{subsection.4.5.1}% 27
\BOOKMARK [3][-]{subsubsection.4.5.1.9}{\376\377\0004\000.\0005\000.\0001\000.\0009\000\040\000l\000e\000s\000s\000T\000h\000a\000n\000E\000q\000u\000a\000t\000i\000o\000n\000\050\000\051}{subsection.4.5.1}% 28
\BOOKMARK [3][-]{subsubsection.4.5.1.10}{\376\377\0004\000.\0005\000.\0001\000.\0001\0000\000\040\000m\000i\000n\000u\000s\000\050\000\051}{subsection.4.5.1}% 29
\BOOKMARK [3][-]{subsubsection.4.5.1.11}{\376\377\0004\000.\0005\000.\0001\000.\0001\0001\000\040\000m\000u\000l\000\050\000\051}{subsection.4.5.1}% 30
\BOOKMARK [3][-]{subsubsection.4.5.1.12}{\376\377\0004\000.\0005\000.\0001\000.\0001\0002\000\040\000n\000o\000t\000E\000q\000u\000a\000t\000i\000o\000n\000\050\000\051}{subsection.4.5.1}% 31
\BOOKMARK [3][-]{subsubsection.4.5.1.13}{\376\377\0004\000.\0005\000.\0001\000.\0001\0003\000\040\000n\000o\000t\000O\000p\000e\000r\000a\000t\000o\000r\000\050\000\051}{subsection.4.5.1}% 32
\BOOKMARK [3][-]{subsubsection.4.5.1.14}{\376\377\0004\000.\0005\000.\0001\000.\0001\0004\000\040\000o\000r\000O\000p\000e\000r\000a\000t\000o\000r\000\050\000\051}{subsection.4.5.1}% 33
\BOOKMARK [3][-]{subsubsection.4.5.1.15}{\376\377\0004\000.\0005\000.\0001\000.\0001\0005\000\040\000p\000l\000u\000s\000\050\000\051}{subsection.4.5.1}% 34
\BOOKMARK [3][-]{subsubsection.4.5.1.16}{\376\377\0004\000.\0005\000.\0001\000.\0001\0006\000\040\000p\000o\000w\000\050\000\051}{subsection.4.5.1}% 35
\BOOKMARK [3][-]{subsubsection.4.5.1.17}{\376\377\0004\000.\0005\000.\0001\000.\0001\0007\000\040\000t\000o\000S\000t\000r\000i\000n\000g\000\050\000\051}{subsection.4.5.1}% 36
\BOOKMARK [1][-]{section.4.6}{\376\377\0004\000.\0006\000\040\000h\000d\000g\000:\000:\000F\000o\000r\000N\000o\000d\000e\000\040\000C\000l\000a\000s\000s\000\040\000R\000e\000f\000e\000r\000e\000n\000c\000e}{chapter.4}% 37
\BOOKMARK [2][-]{subsection.4.6.1}{\376\377\0004\000.\0006\000.\0001\000\040\000M\000e\000m\000b\000e\000r\000\040\000F\000u\000n\000c\000t\000i\000o\000n\000\040\000D\000o\000c\000u\000m\000e\000n\000t\000a\000t\000i\000o\000n}{section.4.6}% 38
\BOOKMARK [3][-]{subsubsection.4.6.1.1}{\376\377\0004\000.\0006\000.\0001\000.\0001\000\040\000i\000n\000t\000e\000r\000p\000r\000e\000t\000\050\000\051}{subsection.4.6.1}% 39
\BOOKMARK [3][-]{subsubsection.4.6.1.2}{\376\377\0004\000.\0006\000.\0001\000.\0002\000\040\000t\000o\000S\000t\000r\000i\000n\000g\000\050\000\051}{subsection.4.6.1}% 40
\BOOKMARK [1][-]{section.4.7}{\376\377\0004\000.\0007\000\040\000h\000d\000g\000:\000:\000F\000u\000n\000c\000O\000b\000j\000N\000o\000d\000e\000\040\000C\000l\000a\000s\000s\000\040\000R\000e\000f\000e\000r\000e\000n\000c\000e}{chapter.4}% 41
\BOOKMARK [2][-]{subsection.4.7.1}{\376\377\0004\000.\0007\000.\0001\000\040\000M\000e\000m\000b\000e\000r\000\040\000F\000u\000n\000c\000t\000i\000o\000n\000\040\000D\000o\000c\000u\000m\000e\000n\000t\000a\000t\000i\000o\000n}{section.4.7}% 42
\BOOKMARK [3][-]{subsubsection.4.7.1.1}{\376\377\0004\000.\0007\000.\0001\000.\0001\000\040\000i\000n\000t\000e\000r\000p\000r\000e\000t\000\050\000\051}{subsection.4.7.1}% 43
\BOOKMARK [3][-]{subsubsection.4.7.1.2}{\376\377\0004\000.\0007\000.\0001\000.\0002\000\040\000t\000o\000S\000t\000r\000i\000n\000g\000\050\000\051}{subsection.4.7.1}% 44
\BOOKMARK [1][-]{section.4.8}{\376\377\0004\000.\0008\000\040\000h\000d\000g\000:\000:\000F\000u\000n\000c\000t\000i\000o\000n\000\040\000C\000l\000a\000s\000s\000\040\000R\000e\000f\000e\000r\000e\000n\000c\000e}{chapter.4}% 45
\BOOKMARK [2][-]{subsection.4.8.1}{\376\377\0004\000.\0008\000.\0001\000\040\000M\000e\000m\000b\000e\000r\000\040\000F\000u\000n\000c\000t\000i\000o\000n\000\040\000D\000o\000c\000u\000m\000e\000n\000t\000a\000t\000i\000o\000n}{section.4.8}% 46
\BOOKMARK [3][-]{subsubsection.4.8.1.1}{\376\377\0004\000.\0008\000.\0001\000.\0001\000\040\000c\000o\000p\000y\000\050\000\051}{subsection.4.8.1}% 47
\BOOKMARK [3][-]{subsubsection.4.8.1.2}{\376\377\0004\000.\0008\000.\0001\000.\0002\000\040\000p\000a\000r\000e\000n\000t\000h\000e\000s\000i\000s\000\050\000\051}{subsection.4.8.1}% 48
\BOOKMARK [3][-]{subsubsection.4.8.1.3}{\376\377\0004\000.\0008\000.\0001\000.\0003\000\040\000t\000o\000S\000t\000r\000i\000n\000g\000\050\000\051}{subsection.4.8.1}% 49
\BOOKMARK [1][-]{section.4.9}{\376\377\0004\000.\0009\000\040\000h\000d\000g\000:\000:\000I\000f\000N\000o\000d\000e\000\040\000C\000l\000a\000s\000s\000\040\000R\000e\000f\000e\000r\000e\000n\000c\000e}{chapter.4}% 50
\BOOKMARK [2][-]{subsection.4.9.1}{\376\377\0004\000.\0009\000.\0001\000\040\000M\000e\000m\000b\000e\000r\000\040\000F\000u\000n\000c\000t\000i\000o\000n\000\040\000D\000o\000c\000u\000m\000e\000n\000t\000a\000t\000i\000o\000n}{section.4.9}% 51
\BOOKMARK [3][-]{subsubsection.4.9.1.1}{\376\377\0004\000.\0009\000.\0001\000.\0001\000\040\000i\000n\000t\000e\000r\000p\000r\000e\000t\000\050\000\051}{subsection.4.9.1}% 52
\BOOKMARK [3][-]{subsubsection.4.9.1.2}{\376\377\0004\000.\0009\000.\0001\000.\0002\000\040\000t\000o\000S\000t\000r\000i\000n\000g\000\050\000\051}{subsection.4.9.1}% 53
\BOOKMARK [1][-]{section.4.10}{\376\377\0004\000.\0001\0000\000\040\000h\000d\000g\000:\000:\000I\000l\000l\000e\000g\000a\000l\000C\000h\000a\000r\000E\000r\000r\000o\000r\000\040\000C\000l\000a\000s\000s\000\040\000R\000e\000f\000e\000r\000e\000n\000c\000e}{chapter.4}% 54
\BOOKMARK [1][-]{section.4.11}{\376\377\0004\000.\0001\0001\000\040\000h\000d\000g\000:\000:\000I\000n\000d\000i\000c\000a\000t\000o\000r\000\040\000S\000t\000r\000u\000c\000t\000\040\000R\000e\000f\000e\000r\000e\000n\000c\000e}{chapter.4}% 55
\BOOKMARK [1][-]{section.4.12}{\376\377\0004\000.\0001\0002\000\040\000h\000d\000g\000:\000:\000I\000n\000t\000e\000g\000e\000r\000\040\000C\000l\000a\000s\000s\000\040\000R\000e\000f\000e\000r\000e\000n\000c\000e}{chapter.4}% 56
\BOOKMARK [2][-]{subsection.4.12.1}{\376\377\0004\000.\0001\0002\000.\0001\000\040\000M\000e\000m\000b\000e\000r\000\040\000F\000u\000n\000c\000t\000i\000o\000n\000\040\000D\000o\000c\000u\000m\000e\000n\000t\000a\000t\000i\000o\000n}{section.4.12}% 57
\BOOKMARK [3][-]{subsubsection.4.12.1.1}{\376\377\0004\000.\0001\0002\000.\0001\000.\0001\000\040\000a\000n\000d\000O\000p\000e\000r\000a\000t\000o\000r\000\050\000\051}{subsection.4.12.1}% 58
\BOOKMARK [3][-]{subsubsection.4.12.1.2}{\376\377\0004\000.\0001\0002\000.\0001\000.\0002\000\040\000c\000o\000p\000y\000\050\000\051}{subsection.4.12.1}% 59
\BOOKMARK [3][-]{subsubsection.4.12.1.3}{\376\377\0004\000.\0001\0002\000.\0001\000.\0003\000\040\000d\000i\000v\000\050\000\051}{subsection.4.12.1}% 60
\BOOKMARK [3][-]{subsubsection.4.12.1.4}{\376\377\0004\000.\0001\0002\000.\0001\000.\0004\000\040\000e\000q\000u\000a\000t\000i\000o\000n\000\050\000\051}{subsection.4.12.1}% 61
\BOOKMARK [3][-]{subsubsection.4.12.1.5}{\376\377\0004\000.\0001\0002\000.\0001\000.\0005\000\040\000g\000r\000e\000a\000t\000e\000r\000T\000h\000a\000n\000\050\000\051}{subsection.4.12.1}% 62
\BOOKMARK [3][-]{subsubsection.4.12.1.6}{\376\377\0004\000.\0001\0002\000.\0001\000.\0006\000\040\000g\000r\000e\000a\000t\000e\000r\000T\000h\000a\000n\000E\000q\000u\000a\000t\000i\000o\000n\000\050\000\051}{subsection.4.12.1}% 63
\BOOKMARK [3][-]{subsubsection.4.12.1.7}{\376\377\0004\000.\0001\0002\000.\0001\000.\0007\000\040\000i\000s\000T\000r\000u\000e\000\050\000\051}{subsection.4.12.1}% 64
\BOOKMARK [3][-]{subsubsection.4.12.1.8}{\376\377\0004\000.\0001\0002\000.\0001\000.\0008\000\040\000l\000e\000s\000s\000T\000h\000a\000n\000\050\000\051}{subsection.4.12.1}% 65
\BOOKMARK [3][-]{subsubsection.4.12.1.9}{\376\377\0004\000.\0001\0002\000.\0001\000.\0009\000\040\000l\000e\000s\000s\000T\000h\000a\000n\000E\000q\000u\000a\000t\000i\000o\000n\000\050\000\051}{subsection.4.12.1}% 66
\BOOKMARK [3][-]{subsubsection.4.12.1.10}{\376\377\0004\000.\0001\0002\000.\0001\000.\0001\0000\000\040\000m\000i\000n\000u\000s\000\050\000\051}{subsection.4.12.1}% 67
\BOOKMARK [3][-]{subsubsection.4.12.1.11}{\376\377\0004\000.\0001\0002\000.\0001\000.\0001\0001\000\040\000m\000u\000l\000\050\000\051}{subsection.4.12.1}% 68
\BOOKMARK [3][-]{subsubsection.4.12.1.12}{\376\377\0004\000.\0001\0002\000.\0001\000.\0001\0002\000\040\000n\000o\000t\000E\000q\000u\000a\000t\000i\000o\000n\000\050\000\051}{subsection.4.12.1}% 69
\BOOKMARK [3][-]{subsubsection.4.12.1.13}{\376\377\0004\000.\0001\0002\000.\0001\000.\0001\0003\000\040\000n\000o\000t\000O\000p\000e\000r\000a\000t\000o\000r\000\050\000\051}{subsection.4.12.1}% 70
\BOOKMARK [3][-]{subsubsection.4.12.1.14}{\376\377\0004\000.\0001\0002\000.\0001\000.\0001\0004\000\040\000o\000r\000O\000p\000e\000r\000a\000t\000o\000r\000\050\000\051}{subsection.4.12.1}% 71
\BOOKMARK [3][-]{subsubsection.4.12.1.15}{\376\377\0004\000.\0001\0002\000.\0001\000.\0001\0005\000\040\000p\000l\000u\000s\000\050\000\051}{subsection.4.12.1}% 72
\BOOKMARK [3][-]{subsubsection.4.12.1.16}{\376\377\0004\000.\0001\0002\000.\0001\000.\0001\0006\000\040\000p\000o\000w\000\050\000\051}{subsection.4.12.1}% 73
\BOOKMARK [3][-]{subsubsection.4.12.1.17}{\376\377\0004\000.\0001\0002\000.\0001\000.\0001\0007\000\040\000t\000o\000S\000t\000r\000i\000n\000g\000\050\000\051}{subsection.4.12.1}% 74
\BOOKMARK [1][-]{section.4.13}{\376\377\0004\000.\0001\0003\000\040\000h\000d\000g\000:\000:\000I\000n\000t\000e\000r\000p\000r\000e\000t\000e\000r\000\040\000C\000l\000a\000s\000s\000\040\000R\000e\000f\000e\000r\000e\000n\000c\000e}{chapter.4}% 75
\BOOKMARK [1][-]{section.4.14}{\376\377\0004\000.\0001\0004\000\040\000h\000d\000g\000:\000:\000I\000n\000v\000a\000l\000i\000d\000S\000y\000n\000t\000a\000x\000E\000r\000r\000o\000r\000\040\000C\000l\000a\000s\000s\000\040\000R\000e\000f\000e\000r\000e\000n\000c\000e}{chapter.4}% 76
\BOOKMARK [1][-]{section.4.15}{\376\377\0004\000.\0001\0005\000\040\000h\000d\000g\000:\000:\000L\000e\000x\000e\000r\000\040\000C\000l\000a\000s\000s\000\040\000R\000e\000f\000e\000r\000e\000n\000c\000e}{chapter.4}% 77
\BOOKMARK [1][-]{section.4.16}{\376\377\0004\000.\0001\0006\000\040\000h\000d\000g\000:\000:\000L\000i\000s\000t\000\040\000C\000l\000a\000s\000s\000\040\000R\000e\000f\000e\000r\000e\000n\000c\000e}{chapter.4}% 78
\BOOKMARK [1][-]{section.4.17}{\376\377\0004\000.\0001\0007\000\040\000h\000d\000g\000:\000:\000N\000o\000d\000e\000\040\000C\000l\000a\000s\000s\000\040\000R\000e\000f\000e\000r\000e\000n\000c\000e}{chapter.4}% 79
\BOOKMARK [1][-]{section.4.18}{\376\377\0004\000.\0001\0008\000\040\000h\000d\000g\000:\000:\000N\000o\000n\000e\000\040\000C\000l\000a\000s\000s\000\040\000R\000e\000f\000e\000r\000e\000n\000c\000e}{chapter.4}% 80
\BOOKMARK [2][-]{subsection.4.18.1}{\376\377\0004\000.\0001\0008\000.\0001\000\040\000M\000e\000m\000b\000e\000r\000\040\000F\000u\000n\000c\000t\000i\000o\000n\000\040\000D\000o\000c\000u\000m\000e\000n\000t\000a\000t\000i\000o\000n}{section.4.18}% 81
\BOOKMARK [3][-]{subsubsection.4.18.1.1}{\376\377\0004\000.\0001\0008\000.\0001\000.\0001\000\040\000c\000o\000p\000y\000\050\000\051}{subsection.4.18.1}% 82
\BOOKMARK [3][-]{subsubsection.4.18.1.2}{\376\377\0004\000.\0001\0008\000.\0001\000.\0002\000\040\000n\000o\000t\000O\000p\000e\000r\000a\000t\000o\000r\000\050\000\051}{subsection.4.18.1}% 83
\BOOKMARK [3][-]{subsubsection.4.18.1.3}{\376\377\0004\000.\0001\0008\000.\0001\000.\0003\000\040\000t\000o\000S\000t\000r\000i\000n\000g\000\050\000\051}{subsection.4.18.1}% 84
\BOOKMARK [1][-]{section.4.19}{\376\377\0004\000.\0001\0009\000\040\000h\000d\000g\000:\000:\000N\000o\000t\000I\000m\000p\000l\000e\000m\000e\000n\000t\000e\000d\000E\000r\000r\000o\000r\000\040\000C\000l\000a\000s\000s\000\040\000R\000e\000f\000e\000r\000e\000n\000c\000e}{chapter.4}% 85
\BOOKMARK [1][-]{section.4.20}{\376\377\0004\000.\0002\0000\000\040\000h\000d\000g\000:\000:\000N\000u\000m\000O\000b\000j\000N\000o\000d\000e\000\040\000C\000l\000a\000s\000s\000\040\000R\000e\000f\000e\000r\000e\000n\000c\000e}{chapter.4}% 86
\BOOKMARK [2][-]{subsection.4.20.1}{\376\377\0004\000.\0002\0000\000.\0001\000\040\000M\000e\000m\000b\000e\000r\000\040\000F\000u\000n\000c\000t\000i\000o\000n\000\040\000D\000o\000c\000u\000m\000e\000n\000t\000a\000t\000i\000o\000n}{section.4.20}% 87
\BOOKMARK [3][-]{subsubsection.4.20.1.1}{\376\377\0004\000.\0002\0000\000.\0001\000.\0001\000\040\000i\000n\000t\000e\000r\000p\000r\000e\000t\000\050\000\051}{subsection.4.20.1}% 88
\BOOKMARK [3][-]{subsubsection.4.20.1.2}{\376\377\0004\000.\0002\0000\000.\0001\000.\0002\000\040\000t\000o\000S\000t\000r\000i\000n\000g\000\050\000\051}{subsection.4.20.1}% 89
\BOOKMARK [1][-]{section.4.21}{\376\377\0004\000.\0002\0001\000\040\000h\000d\000g\000:\000:\000O\000b\000j\000A\000c\000c\000e\000s\000s\000N\000o\000d\000e\000\040\000C\000l\000a\000s\000s\000\040\000R\000e\000f\000e\000r\000e\000n\000c\000e}{chapter.4}% 90
\BOOKMARK [2][-]{subsection.4.21.1}{\376\377\0004\000.\0002\0001\000.\0001\000\040\000M\000e\000m\000b\000e\000r\000\040\000F\000u\000n\000c\000t\000i\000o\000n\000\040\000D\000o\000c\000u\000m\000e\000n\000t\000a\000t\000i\000o\000n}{section.4.21}% 91
\BOOKMARK [3][-]{subsubsection.4.21.1.1}{\376\377\0004\000.\0002\0001\000.\0001\000.\0001\000\040\000i\000n\000t\000e\000r\000p\000r\000e\000t\000\050\000\051}{subsection.4.21.1}% 92
\BOOKMARK [3][-]{subsubsection.4.21.1.2}{\376\377\0004\000.\0002\0001\000.\0001\000.\0002\000\040\000t\000o\000S\000t\000r\000i\000n\000g\000\050\000\051}{subsection.4.21.1}% 93
\BOOKMARK [1][-]{section.4.22}{\376\377\0004\000.\0002\0002\000\040\000h\000d\000g\000:\000:\000O\000b\000j\000A\000s\000s\000i\000g\000n\000N\000o\000d\000e\000\040\000C\000l\000a\000s\000s\000\040\000R\000e\000f\000e\000r\000e\000n\000c\000e}{chapter.4}% 94
\BOOKMARK [2][-]{subsection.4.22.1}{\376\377\0004\000.\0002\0002\000.\0001\000\040\000M\000e\000m\000b\000e\000r\000\040\000F\000u\000n\000c\000t\000i\000o\000n\000\040\000D\000o\000c\000u\000m\000e\000n\000t\000a\000t\000i\000o\000n}{section.4.22}% 95
\BOOKMARK [3][-]{subsubsection.4.22.1.1}{\376\377\0004\000.\0002\0002\000.\0001\000.\0001\000\040\000i\000n\000t\000e\000r\000p\000r\000e\000t\000\050\000\051}{subsection.4.22.1}% 96
\BOOKMARK [3][-]{subsubsection.4.22.1.2}{\376\377\0004\000.\0002\0002\000.\0001\000.\0002\000\040\000t\000o\000S\000t\000r\000i\000n\000g\000\050\000\051}{subsection.4.22.1}% 97
\BOOKMARK [1][-]{section.4.23}{\376\377\0004\000.\0002\0003\000\040\000h\000d\000g\000:\000:\000O\000b\000j\000e\000c\000t\000\040\000C\000l\000a\000s\000s\000\040\000R\000e\000f\000e\000r\000e\000n\000c\000e}{chapter.4}% 98
\BOOKMARK [1][-]{section.4.24}{\376\377\0004\000.\0002\0004\000\040\000h\000d\000g\000:\000:\000O\000b\000j\000e\000c\000t\000N\000o\000d\000e\000\040\000C\000l\000a\000s\000s\000\040\000R\000e\000f\000e\000r\000e\000n\000c\000e}{chapter.4}% 99
\BOOKMARK [2][-]{subsection.4.24.1}{\376\377\0004\000.\0002\0004\000.\0001\000\040\000M\000e\000m\000b\000e\000r\000\040\000F\000u\000n\000c\000t\000i\000o\000n\000\040\000D\000o\000c\000u\000m\000e\000n\000t\000a\000t\000i\000o\000n}{section.4.24}% 100
\BOOKMARK [3][-]{subsubsection.4.24.1.1}{\376\377\0004\000.\0002\0004\000.\0001\000.\0001\000\040\000i\000n\000t\000e\000r\000p\000r\000e\000t\000\050\000\051}{subsection.4.24.1}% 101
\BOOKMARK [3][-]{subsubsection.4.24.1.2}{\376\377\0004\000.\0002\0004\000.\0001\000.\0002\000\040\000t\000o\000S\000t\000r\000i\000n\000g\000\050\000\051}{subsection.4.24.1}% 102
\BOOKMARK [1][-]{section.4.25}{\376\377\0004\000.\0002\0005\000\040\000h\000d\000g\000:\000:\000P\000a\000r\000s\000e\000r\000\040\000C\000l\000a\000s\000s\000\040\000R\000e\000f\000e\000r\000e\000n\000c\000e}{chapter.4}% 103
\BOOKMARK [1][-]{section.4.26}{\376\377\0004\000.\0002\0006\000\040\000h\000d\000g\000:\000:\000P\000o\000s\000i\000t\000i\000o\000n\000\040\000C\000l\000a\000s\000s\000\040\000R\000e\000f\000e\000r\000e\000n\000c\000e}{chapter.4}% 104
\BOOKMARK [1][-]{section.4.27}{\376\377\0004\000.\0002\0007\000\040\000h\000d\000g\000:\000:\000R\000u\000n\000t\000i\000m\000e\000E\000r\000r\000o\000r\000\040\000C\000l\000a\000s\000s\000\040\000R\000e\000f\000e\000r\000e\000n\000c\000e}{chapter.4}% 105
\BOOKMARK [1][-]{section.4.28}{\376\377\0004\000.\0002\0008\000\040\000h\000d\000g\000:\000:\000S\000h\000e\000l\000l\000\040\000C\000l\000a\000s\000s\000\040\000R\000e\000f\000e\000r\000e\000n\000c\000e}{chapter.4}% 106
\BOOKMARK [1][-]{section.4.29}{\376\377\0004\000.\0002\0009\000\040\000h\000d\000g\000:\000:\000S\000t\000a\000t\000e\000m\000e\000n\000t\000s\000N\000o\000d\000e\000\040\000C\000l\000a\000s\000s\000\040\000R\000e\000f\000e\000r\000e\000n\000c\000e}{chapter.4}% 107
\BOOKMARK [2][-]{subsection.4.29.1}{\376\377\0004\000.\0002\0009\000.\0001\000\040\000M\000e\000m\000b\000e\000r\000\040\000F\000u\000n\000c\000t\000i\000o\000n\000\040\000D\000o\000c\000u\000m\000e\000n\000t\000a\000t\000i\000o\000n}{section.4.29}% 108
\BOOKMARK [3][-]{subsubsection.4.29.1.1}{\376\377\0004\000.\0002\0009\000.\0001\000.\0001\000\040\000i\000n\000t\000e\000r\000p\000r\000e\000t\000\050\000\051}{subsection.4.29.1}% 109
\BOOKMARK [3][-]{subsubsection.4.29.1.2}{\376\377\0004\000.\0002\0009\000.\0001\000.\0002\000\040\000t\000o\000S\000t\000r\000i\000n\000g\000\050\000\051}{subsection.4.29.1}% 110
\BOOKMARK [1][-]{section.4.30}{\376\377\0004\000.\0003\0000\000\040\000h\000d\000g\000:\000:\000S\000t\000r\000i\000n\000g\000\040\000C\000l\000a\000s\000s\000\040\000R\000e\000f\000e\000r\000e\000n\000c\000e}{chapter.4}% 111
\BOOKMARK [2][-]{subsection.4.30.1}{\376\377\0004\000.\0003\0000\000.\0001\000\040\000M\000e\000m\000b\000e\000r\000\040\000F\000u\000n\000c\000t\000i\000o\000n\000\040\000D\000o\000c\000u\000m\000e\000n\000t\000a\000t\000i\000o\000n}{section.4.30}% 112
\BOOKMARK [3][-]{subsubsection.4.30.1.1}{\376\377\0004\000.\0003\0000\000.\0001\000.\0001\000\040\000c\000o\000p\000y\000\050\000\051}{subsection.4.30.1}% 113
\BOOKMARK [3][-]{subsubsection.4.30.1.2}{\376\377\0004\000.\0003\0000\000.\0001\000.\0002\000\040\000i\000s\000T\000r\000u\000e\000\050\000\051}{subsection.4.30.1}% 114
\BOOKMARK [3][-]{subsubsection.4.30.1.3}{\376\377\0004\000.\0003\0000\000.\0001\000.\0003\000\040\000p\000l\000u\000s\000\050\000\051}{subsection.4.30.1}% 115
\BOOKMARK [3][-]{subsubsection.4.30.1.4}{\376\377\0004\000.\0003\0000\000.\0001\000.\0004\000\040\000t\000o\000S\000t\000r\000i\000n\000g\000\050\000\051}{subsection.4.30.1}% 116
\BOOKMARK [1][-]{section.4.31}{\376\377\0004\000.\0003\0001\000\040\000h\000d\000g\000:\000:\000S\000t\000r\000O\000b\000j\000N\000o\000d\000e\000\040\000C\000l\000a\000s\000s\000\040\000R\000e\000f\000e\000r\000e\000n\000c\000e}{chapter.4}% 117
\BOOKMARK [2][-]{subsection.4.31.1}{\376\377\0004\000.\0003\0001\000.\0001\000\040\000M\000e\000m\000b\000e\000r\000\040\000F\000u\000n\000c\000t\000i\000o\000n\000\040\000D\000o\000c\000u\000m\000e\000n\000t\000a\000t\000i\000o\000n}{section.4.31}% 118
\BOOKMARK [3][-]{subsubsection.4.31.1.1}{\376\377\0004\000.\0003\0001\000.\0001\000.\0001\000\040\000i\000n\000t\000e\000r\000p\000r\000e\000t\000\050\000\051}{subsection.4.31.1}% 119
\BOOKMARK [3][-]{subsubsection.4.31.1.2}{\376\377\0004\000.\0003\0001\000.\0001\000.\0002\000\040\000t\000o\000S\000t\000r\000i\000n\000g\000\050\000\051}{subsection.4.31.1}% 120
\BOOKMARK [1][-]{section.4.32}{\376\377\0004\000.\0003\0002\000\040\000h\000d\000g\000:\000:\000T\000o\000k\000e\000n\000\040\000C\000l\000a\000s\000s\000\040\000R\000e\000f\000e\000r\000e\000n\000c\000e}{chapter.4}% 121
\BOOKMARK [1][-]{section.4.33}{\376\377\0004\000.\0003\0003\000\040\000h\000d\000g\000:\000:\000U\000n\000a\000r\000y\000O\000p\000e\000r\000a\000t\000o\000r\000N\000o\000d\000e\000\040\000C\000l\000a\000s\000s\000\040\000R\000e\000f\000e\000r\000e\000n\000c\000e}{chapter.4}% 122
\BOOKMARK [2][-]{subsection.4.33.1}{\376\377\0004\000.\0003\0003\000.\0001\000\040\000M\000e\000m\000b\000e\000r\000\040\000F\000u\000n\000c\000t\000i\000o\000n\000\040\000D\000o\000c\000u\000m\000e\000n\000t\000a\000t\000i\000o\000n}{section.4.33}% 123
\BOOKMARK [3][-]{subsubsection.4.33.1.1}{\376\377\0004\000.\0003\0003\000.\0001\000.\0001\000\040\000i\000n\000t\000e\000r\000p\000r\000e\000t\000\050\000\051}{subsection.4.33.1}% 124
\BOOKMARK [3][-]{subsubsection.4.33.1.2}{\376\377\0004\000.\0003\0003\000.\0001\000.\0002\000\040\000t\000o\000S\000t\000r\000i\000n\000g\000\050\000\051}{subsection.4.33.1}% 125
\BOOKMARK [1][-]{section.4.34}{\376\377\0004\000.\0003\0004\000\040\000h\000d\000g\000:\000:\000W\000h\000i\000l\000e\000N\000o\000d\000e\000\040\000C\000l\000a\000s\000s\000\040\000R\000e\000f\000e\000r\000e\000n\000c\000e}{chapter.4}% 126
\BOOKMARK [2][-]{subsection.4.34.1}{\376\377\0004\000.\0003\0004\000.\0001\000\040\000M\000e\000m\000b\000e\000r\000\040\000F\000u\000n\000c\000t\000i\000o\000n\000\040\000D\000o\000c\000u\000m\000e\000n\000t\000a\000t\000i\000o\000n}{section.4.34}% 127
\BOOKMARK [3][-]{subsubsection.4.34.1.1}{\376\377\0004\000.\0003\0004\000.\0001\000.\0001\000\040\000i\000n\000t\000e\000r\000p\000r\000e\000t\000\050\000\051}{subsection.4.34.1}% 128
\BOOKMARK [3][-]{subsubsection.4.34.1.2}{\376\377\0004\000.\0003\0004\000.\0001\000.\0002\000\040\000t\000o\000S\000t\000r\000i\000n\000g\000\050\000\051}{subsection.4.34.1}% 129
\BOOKMARK [0][-]{chapter.5}{\376\377\0005\000\040\000F\000i\000l\000e\000\040\000D\000o\000c\000u\000m\000e\000n\000t\000a\000t\000i\000o\000n}{}% 130
\BOOKMARK [1][-]{section.5.1}{\376\377\0005\000.\0001\000\040\000E\000n\000v\000i\000r\000o\000n\000m\000e\000n\000t\000.\000h}{chapter.5}% 131
\BOOKMARK [1][-]{section.5.2}{\376\377\0005\000.\0002\000\040\000P\000o\000s\000i\000t\000i\000o\000n\000.\000h}{chapter.5}% 132
\BOOKMARK [1][-]{section.5.3}{\376\377\0005\000.\0003\000\040\000T\000o\000k\000e\000n\000.\000h}{chapter.5}% 133
\BOOKMARK [1][-]{section.5.4}{\376\377\0005\000.\0004\000\040\000E\000r\000r\000o\000r\000.\000h}{chapter.5}% 134
\BOOKMARK [1][-]{section.5.5}{\376\377\0005\000.\0005\000\040\000I\000l\000l\000e\000g\000a\000l\000C\000h\000a\000r\000E\000r\000r\000o\000r\000.\000h}{chapter.5}% 135
\BOOKMARK [1][-]{section.5.6}{\376\377\0005\000.\0006\000\040\000I\000n\000v\000a\000l\000i\000d\000S\000y\000n\000t\000a\000x\000E\000r\000r\000o\000r\000.\000h}{chapter.5}% 136
\BOOKMARK [1][-]{section.5.7}{\376\377\0005\000.\0007\000\040\000N\000o\000t\000I\000m\000p\000l\000e\000m\000e\000n\000t\000e\000d\000E\000r\000r\000o\000r\000.\000h}{chapter.5}% 137
\BOOKMARK [1][-]{section.5.8}{\376\377\0005\000.\0008\000\040\000R\000u\000n\000t\000i\000m\000e\000E\000r\000r\000o\000r\000.\000h}{chapter.5}% 138
\BOOKMARK [1][-]{section.5.9}{\376\377\0005\000.\0009\000\040\000I\000n\000t\000e\000r\000p\000r\000e\000t\000e\000r\000.\000h}{chapter.5}% 139
\BOOKMARK [1][-]{section.5.10}{\376\377\0005\000.\0001\0000\000\040\000L\000e\000x\000e\000r\000.\000h}{chapter.5}% 140
\BOOKMARK [1][-]{section.5.11}{\376\377\0005\000.\0001\0001\000\040\000B\000i\000n\000a\000r\000y\000O\000p\000e\000r\000a\000t\000o\000r\000N\000o\000d\000e\000.\000h}{chapter.5}% 141
\BOOKMARK [1][-]{section.5.12}{\376\377\0005\000.\0001\0002\000\040\000C\000a\000l\000l\000N\000o\000d\000e\000.\000h}{chapter.5}% 142
\BOOKMARK [1][-]{section.5.13}{\376\377\0005\000.\0001\0003\000\040\000F\000o\000r\000N\000o\000d\000e\000.\000h}{chapter.5}% 143
\BOOKMARK [1][-]{section.5.14}{\376\377\0005\000.\0001\0004\000\040\000I\000f\000N\000o\000d\000e\000.\000h}{chapter.5}% 144
\BOOKMARK [1][-]{section.5.15}{\376\377\0005\000.\0001\0005\000\040\000N\000o\000d\000e\000.\000h}{chapter.5}% 145
\BOOKMARK [1][-]{section.5.16}{\376\377\0005\000.\0001\0006\000\040\000O\000b\000j\000A\000c\000c\000e\000s\000s\000N\000o\000d\000e\000.\000h}{chapter.5}% 146
\BOOKMARK [1][-]{section.5.17}{\376\377\0005\000.\0001\0007\000\040\000O\000b\000j\000A\000s\000s\000i\000g\000n\000N\000o\000d\000e\000.\000h}{chapter.5}% 147
\BOOKMARK [1][-]{section.5.18}{\376\377\0005\000.\0001\0008\000\040\000F\000u\000n\000c\000O\000b\000j\000N\000o\000d\000e\000.\000h}{chapter.5}% 148
\BOOKMARK [1][-]{section.5.19}{\376\377\0005\000.\0001\0009\000\040\000N\000u\000m\000O\000b\000j\000N\000o\000d\000e\000.\000h}{chapter.5}% 149
\BOOKMARK [1][-]{section.5.20}{\376\377\0005\000.\0002\0000\000\040\000O\000b\000j\000e\000c\000t\000N\000o\000d\000e\000.\000h}{chapter.5}% 150
\BOOKMARK [1][-]{section.5.21}{\376\377\0005\000.\0002\0001\000\040\000S\000t\000r\000O\000b\000j\000N\000o\000d\000e\000.\000h}{chapter.5}% 151
\BOOKMARK [1][-]{section.5.22}{\376\377\0005\000.\0002\0002\000\040\000S\000t\000a\000t\000e\000m\000e\000n\000t\000s\000N\000o\000d\000e\000.\000h}{chapter.5}% 152
\BOOKMARK [1][-]{section.5.23}{\376\377\0005\000.\0002\0003\000\040\000U\000n\000a\000r\000y\000O\000p\000e\000r\000a\000t\000o\000r\000N\000o\000d\000e\000.\000h}{chapter.5}% 153
\BOOKMARK [1][-]{section.5.24}{\376\377\0005\000.\0002\0004\000\040\000W\000h\000i\000l\000e\000N\000o\000d\000e\000.\000h}{chapter.5}% 154
\BOOKMARK [1][-]{section.5.25}{\376\377\0005\000.\0002\0005\000\040\000F\000l\000o\000a\000t\000.\000h}{chapter.5}% 155
\BOOKMARK [1][-]{section.5.26}{\376\377\0005\000.\0002\0006\000\040\000F\000u\000n\000c\000t\000i\000o\000n\000.\000h}{chapter.5}% 156
\BOOKMARK [1][-]{section.5.27}{\376\377\0005\000.\0002\0007\000\040\000I\000n\000t\000e\000g\000e\000r\000.\000h}{chapter.5}% 157
\BOOKMARK [1][-]{section.5.28}{\376\377\0005\000.\0002\0008\000\040\000L\000i\000s\000t\000.\000h}{chapter.5}% 158
\BOOKMARK [1][-]{section.5.29}{\376\377\0005\000.\0002\0009\000\040\000N\000o\000n\000e\000.\000h}{chapter.5}% 159
\BOOKMARK [1][-]{section.5.30}{\376\377\0005\000.\0003\0000\000\040\000O\000b\000j\000e\000c\000t\000.\000h}{chapter.5}% 160
\BOOKMARK [1][-]{section.5.31}{\376\377\0005\000.\0003\0001\000\040\000S\000t\000r\000i\000n\000g\000.\000h}{chapter.5}% 161
\BOOKMARK [1][-]{section.5.32}{\376\377\0005\000.\0003\0002\000\040\000P\000a\000r\000s\000e\000r\000.\000h}{chapter.5}% 162
\BOOKMARK [1][-]{section.5.33}{\376\377\0005\000.\0003\0003\000\040\000S\000h\000e\000l\000l\000.\000h}{chapter.5}% 163
\BOOKMARK [0][-]{section*.140}{\376\377\000I\000n\000d\000e\000x}{}% 164
