This is pdfTeX, Version 3.141592653-2.6-1.40.24 (TeX Live 2022) (preloaded format=pdflatex 2023.3.1)  26 AUG 2023 10:55
entering extended mode
 restricted \write18 enabled.
 %&-line parsing enabled.
**refman
(./refman.tex
LaTeX2e <2021-11-15> patch level 1
L3 programming layer <2022-02-24>
(e:/Program Files/texlive/2022/texmf-dist/tex/latex/base/book.cls
Document Class: book 2021/10/04 v1.4n Standard LaTeX document class
(e:/Program Files/texlive/2022/texmf-dist/tex/latex/base/bk10.clo
File: bk10.clo 2021/10/04 v1.4n Standard LaTeX file (size option)
)
\c@part=\count185
\c@chapter=\count186
\c@section=\count187
\c@subsection=\count188
\c@subsubsection=\count189
\c@paragraph=\count190
\c@subparagraph=\count191
\c@figure=\count192
\c@table=\count193
\abovecaptionskip=\skip47
\belowcaptionskip=\skip48
\bibindent=\dimen138
)
(e:/Program Files/texlive/2022/texmf-dist/tex/latex/base/ifthen.sty
Package: ifthen 2020/11/24 v1.1c Standard LaTeX ifthen package (DPC)
)
(e:/Program Files/texlive/2022/texmf-dist/tex/latex/tools/array.sty
Rollback for package 'array' requested -> date 2016-10-06.
         Best approximation is the release introduced on 2016-10-06.

(e:/Program Files/texlive/2022/texmf-dist/tex/latex/tools/array-2016-10-06.sty
Package: array 2016/10/06 v2.4d Tabular extension package (FMi)
\col@sep=\dimen139
\extrarowheight=\dimen140
\NC@list=\toks16
\extratabsurround=\skip49
\backup@length=\skip50
)) (e:/Program Files/texlive/2022/texmf-dist/tex/generic/infwarerr/infwarerr.st
y
package info suppressed
) (./doxygen.sty
Package: doxygen 

(e:/Program Files/texlive/2022/texmf-dist/tex/latex/base/alltt.sty
Package: alltt 2021/01/29 v2.0g defines alltt environment
)
(e:/Program Files/texlive/2022/texmf-dist/tex/latex/tools/calc.sty
Package: calc 2017/05/25 v4.3 Infix arithmetic (KKT,FJ)
\calc@Acount=\count194
\calc@Bcount=\count195
\calc@Adimen=\dimen141
\calc@Bdimen=\dimen142
\calc@Askip=\skip51
\calc@Bskip=\skip52
LaTeX Info: Redefining \setlength on input line 80.
LaTeX Info: Redefining \addtolength on input line 81.
\calc@Ccount=\count196
\calc@Cskip=\skip53
)
(e:/Program Files/texlive/2022/texmf-dist/tex/latex/float/float.sty
Package: float 2001/11/08 v1.3d Float enhancements (AL)
\c@float@type=\count197
\float@exts=\toks17
\float@box=\box50
\@float@everytoks=\toks18
\@floatcapt=\box51
)
(e:/Program Files/texlive/2022/texmf-dist/tex/latex/tools/verbatim.sty
Package: verbatim 2020-07-07 v1.5u LaTeX2e package for verbatim enhancements
\every@verbatim=\toks19
\verbatim@line=\toks20
\verbatim@in@stream=\read2
)
(e:/Program Files/texlive/2022/texmf-dist/tex/latex/xcolor/xcolor.sty
Package: xcolor 2021/10/31 v2.13 LaTeX color extensions (UK)

(e:/Program Files/texlive/2022/texmf-dist/tex/latex/graphics-cfg/color.cfg
File: color.cfg 2016/01/02 v1.6 sample color configuration
)
Package xcolor Info: Driver file: pdftex.def on input line 227.

(e:/Program Files/texlive/2022/texmf-dist/tex/latex/graphics-def/pdftex.def
File: pdftex.def 2020/10/05 v1.2a Graphics/color driver for pdftex
)
(e:/Program Files/texlive/2022/texmf-dist/tex/latex/colortbl/colortbl.sty
Package: colortbl 2020/01/04 v1.0e Color table columns (DPC)
\everycr=\toks21
\minrowclearance=\skip54
)
\rownum=\count198
Package xcolor Info: Model `cmy' substituted by `cmy0' on input line 1352.
Package xcolor Info: Model `hsb' substituted by `rgb' on input line 1356.
Package xcolor Info: Model `RGB' extended on input line 1368.
Package xcolor Info: Model `HTML' substituted by `rgb' on input line 1370.
Package xcolor Info: Model `Hsb' substituted by `hsb' on input line 1371.
Package xcolor Info: Model `tHsb' substituted by `hsb' on input line 1372.
Package xcolor Info: Model `HSB' substituted by `hsb' on input line 1373.
Package xcolor Info: Model `Gray' substituted by `gray' on input line 1374.
Package xcolor Info: Model `wave' substituted by `hsb' on input line 1375.
)
(./longtable_doxygen.sty
Package: longtable_doxygen 2014/10/28 v4.11 Multi-page Table package (DPC) - fr
ozen version for doxygen
\LTleft=\skip55
\LTright=\skip56
\LTpre=\skip57
\LTpost=\skip58
\LTchunksize=\count199
\LTcapwidth=\dimen143
\LT@head=\box52
\LT@firsthead=\box53
\LT@foot=\box54
\LT@lastfoot=\box55
\LT@cols=\count266
\LT@rows=\count267
\c@LT@tables=\count268
\c@LT@chunks=\count269
\LT@p@ftn=\toks22
) (./tabu_doxygen.sty
Package: tabu_doxygen 2011/02/26 v2.8 - flexible LaTeX tabulars (FC), frozen ve
rsion for doxygen

(e:/Program Files/texlive/2022/texmf-dist/tex/latex/varwidth/varwidth.sty
Package: varwidth 2009/03/30 ver 0.92;  Variable-width minipages
\@vwid@box=\box56
\sift@deathcycles=\count270
\@vwid@loff=\dimen144
\@vwid@roff=\dimen145
)
\c@taburow=\count271
\tabu@nbcols=\count272
\tabu@cnt=\count273
\tabu@Xcol=\count274
\tabu@alloc=\count275
\tabu@nested=\count276
\tabu@target=\dimen146
\tabu@spreadtarget=\dimen147
\tabu@naturalX=\dimen148
\tabucolX=\dimen149
\tabu@Xsum=\dimen150
\extrarowdepth=\dimen151
\abovetabulinesep=\dimen152
\belowtabulinesep=\dimen153
\tabustrutrule=\dimen154
\tabu@thebody=\toks23
\tabu@footnotes=\toks24
\tabu@box=\box57
\tabu@arstrutbox=\box58
\tabu@hleads=\box59
\tabu@vleads=\box60
\tabu@cellskip=\skip59
)
(e:/Program Files/texlive/2022/texmf-dist/tex/latex/fancyvrb/fancyvrb.sty
Package: fancyvrb 2021/12/21 4.1b verbatim text (tvz,hv)

(e:/Program Files/texlive/2022/texmf-dist/tex/latex/graphics/keyval.sty
Package: keyval 2014/10/28 v1.15 key=value parser (DPC)
\KV@toks@=\toks25
)
\FV@CodeLineNo=\count277
\FV@InFile=\read3
\FV@TabBox=\box61
\c@FancyVerbLine=\count278
\FV@StepNumber=\count279
\FV@OutFile=\write3
)
(e:/Program Files/texlive/2022/texmf-dist/tex/latex/tools/tabularx.sty
Package: tabularx 2020/01/15 v2.11c `tabularx' package (DPC)
\TX@col@width=\dimen155
\TX@old@table=\dimen156
\TX@old@col=\dimen157
\TX@target=\dimen158
\TX@delta=\dimen159
\TX@cols=\count280
\TX@ftn=\toks26
)
(e:/Program Files/texlive/2022/texmf-dist/tex/latex/tools/multicol.sty
Package: multicol 2021/10/28 v1.9b multicolumn formatting (FMi)
\c@tracingmulticols=\count281
\mult@box=\box62
\multicol@leftmargin=\dimen160
\c@unbalance=\count282
\c@collectmore=\count283
\doublecol@number=\count284
\multicoltolerance=\count285
\multicolpretolerance=\count286
\full@width=\dimen161
\page@free=\dimen162
\premulticols=\dimen163
\postmulticols=\dimen164
\multicolsep=\skip60
\multicolbaselineskip=\skip61
\partial@page=\box63
\last@line=\box64
\maxbalancingoverflow=\dimen165
\mult@rightbox=\box65
\mult@grightbox=\box66
\mult@firstbox=\box67
\mult@gfirstbox=\box68
\@tempa=\box69
\@tempa=\box70
\@tempa=\box71
\@tempa=\box72
\@tempa=\box73
\@tempa=\box74
\@tempa=\box75
\@tempa=\box76
\@tempa=\box77
\@tempa=\box78
\@tempa=\box79
\@tempa=\box80
\@tempa=\box81
\@tempa=\box82
\@tempa=\box83
\@tempa=\box84
\@tempa=\box85
\@tempa=\box86
\@tempa=\box87
\@tempa=\box88
\@tempa=\box89
\@tempa=\box90
\@tempa=\box91
\@tempa=\box92
\@tempa=\box93
\@tempa=\box94
\@tempa=\box95
\@tempa=\box96
\@tempa=\box97
\@tempa=\box98
\@tempa=\box99
\@tempa=\box100
\@tempa=\box101
\@tempa=\box102
\@tempa=\box103
\@tempa=\box104
\c@minrows=\count287
\c@columnbadness=\count288
\c@finalcolumnbadness=\count289
\last@try=\dimen166
\multicolovershoot=\dimen167
\multicolundershoot=\dimen168
\mult@nat@firstbox=\box105
\colbreak@box=\box106
\mc@col@check@num=\count290
)
(e:/Program Files/texlive/2022/texmf-dist/tex/latex/multirow/multirow.sty
Package: multirow 2021/03/15 v2.8 Span multiple rows of a table
\multirow@colwidth=\skip62
\multirow@cntb=\count291
\multirow@dima=\skip63
\bigstrutjot=\dimen169
)
(e:/Program Files/texlive/2022/texmf-dist/tex/latex/hanging/hanging.sty
Package: hanging 2009/09/02 v1.2b hanging paragraphs and punctuation
\h@ngcommawd=\skip64
\h@ngfstopwd=\skip65
\h@ngquotewd=\skip66
\h@ngdquotewd=\skip67
\h@ngquerywd=\skip68
\h@ngexclwd=\skip69
\h@ngcolonwd=\skip70
\h@ngscolonwd=\skip71
)
(e:/Program Files/texlive/2022/texmf-dist/tex/generic/iftex/ifpdf.sty
Package: ifpdf 2019/10/25 v3.4 ifpdf legacy package. Use iftex instead.

(e:/Program Files/texlive/2022/texmf-dist/tex/generic/iftex/iftex.sty
Package: iftex 2022/02/03 v1.0f TeX engine tests
))
(e:/Program Files/texlive/2022/texmf-dist/tex/latex/adjustbox/adjustbox.sty
Package: adjustbox 2020/08/19 v1.3 Adjusting TeX boxes (trim, clip, ...)

(e:/Program Files/texlive/2022/texmf-dist/tex/latex/xkeyval/xkeyval.sty
Package: xkeyval 2020/11/20 v2.8 package option processing (HA)

(e:/Program Files/texlive/2022/texmf-dist/tex/generic/xkeyval/xkeyval.tex
(e:/Program Files/texlive/2022/texmf-dist/tex/generic/xkeyval/xkvutils.tex
\XKV@toks=\toks27
\XKV@tempa@toks=\toks28
)
\XKV@depth=\count292
File: xkeyval.tex 2014/12/03 v2.7a key=value parser (HA)
))
(e:/Program Files/texlive/2022/texmf-dist/tex/latex/adjustbox/adjcalc.sty
Package: adjcalc 2012/05/16 v1.1 Provides advanced setlength with multiple back
-ends (calc, etex, pgfmath)
)
(e:/Program Files/texlive/2022/texmf-dist/tex/latex/adjustbox/trimclip.sty
Package: trimclip 2020/08/19 v1.2 Trim and clip general TeX material

(e:/Program Files/texlive/2022/texmf-dist/tex/latex/graphics/graphicx.sty
Package: graphicx 2021/09/16 v1.2d Enhanced LaTeX Graphics (DPC,SPQR)

(e:/Program Files/texlive/2022/texmf-dist/tex/latex/graphics/graphics.sty
Package: graphics 2021/03/04 v1.4d Standard LaTeX Graphics (DPC,SPQR)

(e:/Program Files/texlive/2022/texmf-dist/tex/latex/graphics/trig.sty
Package: trig 2021/08/11 v1.11 sin cos tan (DPC)
)
(e:/Program Files/texlive/2022/texmf-dist/tex/latex/graphics-cfg/graphics.cfg
File: graphics.cfg 2016/06/04 v1.11 sample graphics configuration
)
Package graphics Info: Driver file: pdftex.def on input line 107.
)
\Gin@req@height=\dimen170
\Gin@req@width=\dimen171
) (e:/Program Files/texlive/2022/texmf-dist/tex/latex/collectbox/collectbox.sty
Package: collectbox 2012/05/17 v0.4b Collect macro arguments as boxes
\collectedbox=\box107
)
\tc@llx=\dimen172
\tc@lly=\dimen173
\tc@urx=\dimen174
\tc@ury=\dimen175
Package trimclip Info: Using driver 'tc-pdftex.def'.
 (e:/Program Files/texlive/2022/texmf-dist/tex/latex/adjustbox/tc-pdftex.def
File: tc-pdftex.def 2019/01/04 v2.2 Clipping driver for pdftex
))
\adjbox@Width=\dimen176
\adjbox@Height=\dimen177
\adjbox@Depth=\dimen178
\adjbox@Totalheight=\dimen179
\adjbox@pwidth=\dimen180
\adjbox@pheight=\dimen181
\adjbox@pdepth=\dimen182
\adjbox@ptotalheight=\dimen183
(e:/Program Files/texlive/2022/texmf-dist/tex/latex/ifoddpage/ifoddpage.sty
Package: ifoddpage 2016/04/23 v1.1 Conditionals for odd/even page detection
\c@checkoddpage=\count293
))
(e:/Program Files/texlive/2022/texmf-dist/tex/latex/amsfonts/amssymb.sty
Package: amssymb 2013/01/14 v3.01 AMS font symbols

(e:/Program Files/texlive/2022/texmf-dist/tex/latex/amsfonts/amsfonts.sty
Package: amsfonts 2013/01/14 v3.01 Basic AMSFonts support
\@emptytoks=\toks29
\symAMSa=\mathgroup4
\symAMSb=\mathgroup5
LaTeX Font Info:    Redeclaring math symbol \hbar on input line 98.
LaTeX Font Info:    Overwriting math alphabet `\mathfrak' in version `bold'
(Font)                  U/euf/m/n --> U/euf/b/n on input line 106.
))
(e:/Program Files/texlive/2022/texmf-dist/tex/latex/stackengine/stackengine.sty
Package: stackengine 2021/07/22 v4.11\ Stacking text and objects in convenient 
ways
(e:/Program Files/texlive/2022/texmf-dist/tex/latex/etoolbox/etoolbox.sty
Package: etoolbox 2020/10/05 v2.5k e-TeX tools for LaTeX (JAW)
\etb@tempcnta=\count294
)
(e:/Program Files/texlive/2022/texmf-dist/tex/generic/listofitems/listofitems.s
ty
(e:/Program Files/texlive/2022/texmf-dist/tex/generic/listofitems/listofitems.t
ex
\loi_cnt_foreach_nest=\count295
\loi_nestcnt=\count296
)
Package: listofitems 2019/08/21 v1.63 Grab items in lists using user-specified 
sep char (CT)
)
\c@@stackindex=\count297
\@boxshift=\skip72
\stack@tmplength=\skip73
\temp@stkl=\skip74
\@stackedboxwidth=\skip75
\@addedbox=\box108
\@anchorbox=\box109
\@insetbox=\box110
\se@backgroundbox=\box111
\stackedbox=\box112
\@centerbox=\box113
\c@ROWcellindex@=\count298
) (e:/Program Files/texlive/2022/texmf-dist/tex/latex/enumitem/enumitem.sty
Package: enumitem 2019/06/20 v3.9 Customized lists
\labelindent=\skip76
\enit@outerparindent=\dimen184
\enit@toks=\toks30
\enit@inbox=\box114
\enit@count@id=\count299
\enitdp@description=\count300
) (e:/Program Files/texlive/2022/texmf-dist/tex/generic/alphalph/alphalph.sty
Package: alphalph 2019/12/09 v2.6 Convert numbers to letters (HO)

(e:/Program Files/texlive/2022/texmf-dist/tex/generic/intcalc/intcalc.sty
Package: intcalc 2019/12/15 v1.3 Expandable calculations with integers (HO)
))
(e:/Program Files/texlive/2022/texmf-dist/tex/generic/ulem/ulem.sty
\UL@box=\box115
\UL@hyphenbox=\box116
\UL@skip=\skip77
\UL@hook=\toks31
\UL@height=\dimen185
\UL@pe=\count301
\UL@pixel=\dimen186
\ULC@box=\box117
Package: ulem 2019/11/18
\ULdepth=\dimen187
)
\xrefbox=\box118
\xreflength=\skip78
\CodeWidthChar=\skip79
\CodeHeightChar=\skip80
\DoxyCodeWidth=\skip81
\c@DoxyEnumeratei=\count302
\c@DoxyEnumerateii=\count303
\c@DoxyEnumerateiii=\count304
\c@DoxyEnumerateiv=\count305
\c@DoxyEnumeratev=\count306
\c@DoxyEnumeratevi=\count307
\c@DoxyEnumeratevii=\count308
\c@DoxyEnumerateviii=\count309
\c@DoxyEnumerateix=\count310
\c@DoxyEnumeratex=\count311
\c@DoxyEnumeratexi=\count312
\c@DoxyEnumeratexii=\count313
\enitdp@DoxyEnumerate=\count314
\enitdp@DoxyItemize=\count315
\c@subsubsubsection=\count316
\c@subsubsubsubsection=\count317
\c@subsubsubsubsubsection=\count318
\c@subsubsubsubsubsubsection=\count319
)
(e:/Program Files/texlive/2022/texmf-dist/tex/latex/base/inputenc.sty
Package: inputenc 2021/02/14 v1.3d Input encoding file
\inpenc@prehook=\toks32
\inpenc@posthook=\toks33
)
(e:/Program Files/texlive/2022/texmf-dist/tex/latex/base/makeidx.sty
Package: makeidx 2021/10/04 v1.0m Standard LaTeX package
)
(e:/Program Files/texlive/2022/texmf-dist/tex/latex/base/textcomp.sty
Package: textcomp 2020/02/02 v2.0n Standard LaTeX package
)
(e:/Program Files/texlive/2022/texmf-dist/tex/latex/wasysym/wasysym.sty
Package: wasysym 2020/01/19 v2.4 Wasy-2 symbol support package
\symwasy=\mathgroup6
LaTeX Font Info:    Overwriting symbol font `wasy' in version `bold'
(Font)                  U/wasy/m/n --> U/wasy/b/n on input line 93.
)
(e:/Program Files/texlive/2022/texmf-dist/tex/generic/iftex/ifxetex.sty
Package: ifxetex 2019/10/25 v0.7 ifxetex legacy package. Use iftex instead.
)
(e:/Program Files/texlive/2022/texmf-dist/tex/latex/base/fontenc.sty
Package: fontenc 2021/04/29 v2.0v Standard LaTeX package
)
(e:/Program Files/texlive/2022/texmf-dist/tex/latex/psnfss/helvet.sty
Package: helvet 2020/03/25 PSNFSS-v9.3 (WaS) 
)
(e:/Program Files/texlive/2022/texmf-dist/tex/latex/psnfss/courier.sty
Package: courier 2020/03/25 PSNFSS-v9.3 (WaS) 
)
(e:/Program Files/texlive/2022/texmf-dist/tex/latex/geometry/geometry.sty
Package: geometry 2020/01/02 v5.9 Page Geometry

(e:/Program Files/texlive/2022/texmf-dist/tex/generic/iftex/ifvtex.sty
Package: ifvtex 2019/10/25 v1.7 ifvtex legacy package. Use iftex instead.
)
\Gm@cnth=\count320
\Gm@cntv=\count321
\c@Gm@tempcnt=\count322
\Gm@bindingoffset=\dimen188
\Gm@wd@mp=\dimen189
\Gm@odd@mp=\dimen190
\Gm@even@mp=\dimen191
\Gm@layoutwidth=\dimen192
\Gm@layoutheight=\dimen193
\Gm@layouthoffset=\dimen194
\Gm@layoutvoffset=\dimen195
\Gm@dimlist=\toks34
)
(e:/Program Files/texlive/2022/texmf-dist/tex/latex/changepage/changepage.sty
Package: changepage 2009/10/20 v1.0c check page and change page layout
\c@cp@cntr=\count323
\cp@tempcnt=\count324
LaTeX Info: Redefining \checkoddpage on input line 59.
)
(e:/Program Files/texlive/2022/texmf-dist/tex/latex/fancyhdr/fancyhdr.sty
Package: fancyhdr 2021/01/28 v4.0.1 Extensive control of page headers and foote
rs
\f@nch@headwidth=\skip82
\f@nch@O@elh=\skip83
\f@nch@O@erh=\skip84
\f@nch@O@olh=\skip85
\f@nch@O@orh=\skip86
\f@nch@O@elf=\skip87
\f@nch@O@erf=\skip88
\f@nch@O@olf=\skip89
\f@nch@O@orf=\skip90
)
(e:/Program Files/texlive/2022/texmf-dist/tex/latex/natbib/natbib.sty
Package: natbib 2010/09/13 8.31b (PWD, AO)
\bibhang=\skip91
\bibsep=\skip92
LaTeX Info: Redefining \cite on input line 694.
\c@NAT@ctr=\count325
)
(e:/Program Files/texlive/2022/texmf-dist/tex/latex/tocloft/tocloft.sty
Package: tocloft 2017/08/31 v2.3i parameterised ToC, etc., typesetting
Package tocloft Info: The document has chapter divisions on input line 51.
\cftparskip=\skip93
\cftbeforetoctitleskip=\skip94
\cftaftertoctitleskip=\skip95
\cftbeforepartskip=\skip96
\cftpartnumwidth=\skip97
\cftpartindent=\skip98
\cftbeforechapskip=\skip99
\cftchapindent=\skip100
\cftchapnumwidth=\skip101
\cftbeforesecskip=\skip102
\cftsecindent=\skip103
\cftsecnumwidth=\skip104
\cftbeforesubsecskip=\skip105
\cftsubsecindent=\skip106
\cftsubsecnumwidth=\skip107
\cftbeforesubsubsecskip=\skip108
\cftsubsubsecindent=\skip109
\cftsubsubsecnumwidth=\skip110
\cftbeforeparaskip=\skip111
\cftparaindent=\skip112
\cftparanumwidth=\skip113
\cftbeforesubparaskip=\skip114
\cftsubparaindent=\skip115
\cftsubparanumwidth=\skip116
\cftbeforeloftitleskip=\skip117
\cftafterloftitleskip=\skip118
\cftbeforefigskip=\skip119
\cftfigindent=\skip120
\cftfignumwidth=\skip121
\c@lofdepth=\count326
\c@lotdepth=\count327
\cftbeforelottitleskip=\skip122
\cftafterlottitleskip=\skip123
\cftbeforetabskip=\skip124
\cfttabindent=\skip125
\cfttabnumwidth=\skip126
)
\@indexfile=\write4
\openout4 = `refman.idx'.


Writing index file refman.idx

(e:/Program Files/texlive/2022/texmf-dist/tex/latex/newunicodechar/newunicodech
ar.sty
Package: newunicodechar 2018/04/08 v1.2 Defining Unicode characters
)
(e:/Program Files/texlive/2022/texmf-dist/tex/latex/hyperref/hyperref.sty
Package: hyperref 2022-02-21 v7.00n Hypertext links for LaTeX

(e:/Program Files/texlive/2022/texmf-dist/tex/generic/ltxcmds/ltxcmds.sty
Package: ltxcmds 2020-05-10 v1.25 LaTeX kernel commands for general use (HO)
)
(e:/Program Files/texlive/2022/texmf-dist/tex/generic/pdftexcmds/pdftexcmds.sty
Package: pdftexcmds 2020-06-27 v0.33 Utility functions of pdfTeX for LuaTeX (HO
)
Package pdftexcmds Info: \pdf@primitive is available.
Package pdftexcmds Info: \pdf@ifprimitive is available.
Package pdftexcmds Info: \pdfdraftmode found.
) (e:/Program Files/texlive/2022/texmf-dist/tex/generic/kvsetkeys/kvsetkeys.sty
Package: kvsetkeys 2019/12/15 v1.18 Key value parser (HO)
)
(e:/Program Files/texlive/2022/texmf-dist/tex/generic/kvdefinekeys/kvdefinekeys
.sty
Package: kvdefinekeys 2019-12-19 v1.6 Define keys (HO)
)
(e:/Program Files/texlive/2022/texmf-dist/tex/generic/pdfescape/pdfescape.sty
Package: pdfescape 2019/12/09 v1.15 Implements pdfTeX's escape features (HO)
)
(e:/Program Files/texlive/2022/texmf-dist/tex/latex/hycolor/hycolor.sty
Package: hycolor 2020-01-27 v1.10 Color options for hyperref/bookmark (HO)
)
(e:/Program Files/texlive/2022/texmf-dist/tex/latex/letltxmacro/letltxmacro.sty
Package: letltxmacro 2019/12/03 v1.6 Let assignment for LaTeX macros (HO)
) (e:/Program Files/texlive/2022/texmf-dist/tex/latex/auxhook/auxhook.sty
Package: auxhook 2019-12-17 v1.6 Hooks for auxiliary files (HO)
)
(e:/Program Files/texlive/2022/texmf-dist/tex/latex/kvoptions/kvoptions.sty
Package: kvoptions 2020-10-07 v3.14 Key value format for package options (HO)
)
\@linkdim=\dimen196
\Hy@linkcounter=\count328
\Hy@pagecounter=\count329

(e:/Program Files/texlive/2022/texmf-dist/tex/latex/hyperref/pd1enc.def
File: pd1enc.def 2022-02-21 v7.00n Hyperref: PDFDocEncoding definition (HO)
Now handling font encoding PD1 ...
... no UTF-8 mapping file for font encoding PD1
)
(e:/Program Files/texlive/2022/texmf-dist/tex/generic/etexcmds/etexcmds.sty
Package: etexcmds 2019/12/15 v1.7 Avoid name clashes with e-TeX commands (HO)
)
\Hy@SavedSpaceFactor=\count330

(e:/Program Files/texlive/2022/texmf-dist/tex/latex/hyperref/puenc.def
File: puenc.def 2022-02-21 v7.00n Hyperref: PDF Unicode definition (HO)
Now handling font encoding PU ...
... no UTF-8 mapping file for font encoding PU
)
Package hyperref Info: Hyper figures OFF on input line 4137.
Package hyperref Info: Link nesting OFF on input line 4142.
Package hyperref Info: Hyper index ON on input line 4145.
Package hyperref Info: Plain pages OFF on input line 4152.
Package hyperref Info: Backreferencing ON on input line 4155.
Package hyperref Info: Implicit mode ON; LaTeX internals redefined.
Package hyperref Info: Bookmarks ON on input line 4390.

(e:/Program Files/texlive/2022/texmf-dist/tex/latex/hyperref/backref.sty
Package: backref 2021/02/04 v1.41 Bibliographical back referencing

(e:/Program Files/texlive/2022/texmf-dist/tex/latex/rerunfilecheck/rerunfileche
ck.sty
Package: rerunfilecheck 2019/12/05 v1.9 Rerun checks for auxiliary files (HO)

(e:/Program Files/texlive/2022/texmf-dist/tex/latex/base/atveryend-ltx.sty
Package: atveryend-ltx 2020/08/19 v1.0a Emulation of the original atveryend pac
kage
with kernel methods
)
(e:/Program Files/texlive/2022/texmf-dist/tex/generic/uniquecounter/uniquecount
er.sty
Package: uniquecounter 2019/12/15 v1.4 Provide unlimited unique counter (HO)

(e:/Program Files/texlive/2022/texmf-dist/tex/generic/bigintcalc/bigintcalc.sty
Package: bigintcalc 2019/12/15 v1.5 Expandable calculations on big integers (HO
)
))
Package uniquecounter Info: New unique counter `rerunfilecheck' on input line 2
86.
))
\c@Hy@tempcnt=\count331
 (e:/Program Files/texlive/2022/texmf-dist/tex/latex/url/url.sty
\Urlmuskip=\muskip16
Package: url 2013/09/16  ver 3.4  Verb mode for urls, etc.
)
LaTeX Info: Redefining \url on input line 4749.
\XeTeXLinkMargin=\dimen197

(e:/Program Files/texlive/2022/texmf-dist/tex/generic/bitset/bitset.sty
Package: bitset 2019/12/09 v1.3 Handle bit-vector datatype (HO)
)
\Fld@menulength=\count332
\Field@Width=\dimen198
\Fld@charsize=\dimen199
Package hyperref Info: Hyper figures OFF on input line 6027.
Package hyperref Info: Link nesting OFF on input line 6032.
Package hyperref Info: Hyper index ON on input line 6035.
Package hyperref Info: backreferencing ON on input line 6040.
Package hyperref Info: Link coloring OFF on input line 6047.
Package hyperref Info: Link coloring with OCG OFF on input line 6052.
Package hyperref Info: PDF/A mode OFF on input line 6057.
LaTeX Info: Redefining \ref on input line 6097.
LaTeX Info: Redefining \pageref on input line 6101.

(e:/Program Files/texlive/2022/texmf-dist/tex/latex/base/atbegshi-ltx.sty
Package: atbegshi-ltx 2021/01/10 v1.0c Emulation of the original atbegshi
package with kernel methods
)
\Hy@abspage=\count333
\c@Item=\count334
\c@Hfootnote=\count335
)
Package hyperref Info: Driver: hpdftex.

(e:/Program Files/texlive/2022/texmf-dist/tex/latex/hyperref/hpdftex.def
File: hpdftex.def 2022-02-21 v7.00n Hyperref driver for pdfTeX
\Fld@listcount=\count336
\c@bookmark@seq@number=\count337
\Hy@SectionHShift=\skip127
)
Package hyperref Info: Option `colorlinks' set `true' on input line 161.
Package hyperref Info: Option `unicode' set `true' on input line 161.

(e:/Program Files/texlive/2022/texmf-dist/tex/latex/caption/caption.sty
Package: caption 2022/03/01 v3.6b Customizing captions (AR)

(e:/Program Files/texlive/2022/texmf-dist/tex/latex/caption/caption3.sty
Package: caption3 2022/03/17 v2.3b caption3 kernel (AR)
\caption@tempdima=\dimen256
\captionmargin=\dimen257
\caption@leftmargin=\dimen258
\caption@rightmargin=\dimen259
\caption@width=\dimen260
\caption@indent=\dimen261
\caption@parindent=\dimen262
\caption@hangindent=\dimen263
Package caption Info: Standard document class detected.
)
\c@caption@flags=\count338
\c@continuedfloat=\count339
Package caption Info: changepage package is loaded.
\caption@adjustwidth@hsize=\dimen264
\caption@adjustwidth@linewidth=\dimen265
Package caption Info: float package is loaded.
Package caption Info: hyperref package is loaded.
Package caption Info: longtable package is loaded.

(e:/Program Files/texlive/2022/texmf-dist/tex/latex/caption/ltcaption.sty
Package: ltcaption 2021/01/08 v1.4c longtable captions (AR)
))
(./etoc_doxygen.sty
Package: etoc_doxygen 2023/07/01 v1.2b Completely customisable TOCs (JFB)
\Etoc@toctoks=\toks35
\c@etoc@tocid=\count340
\etoc@framed@titlebox=\box119
\etoc@framed@contentsbox=\box120
)
LaTeX Font Info:    Trying to load font information for T1+phv on input line 18
3.

(e:/Program Files/texlive/2022/texmf-dist/tex/latex/psnfss/t1phv.fd
File: t1phv.fd 2020/03/25 scalable font definitions for T1/phv.
)
LaTeX Font Info:    Font shape `T1/phv/m/n' will be
(Font)              scaled to size 8.99994pt on input line 183.

(e:/Program Files/texlive/2022/texmf-dist/tex/latex/l3backend/l3backend-pdftex.
def
File: l3backend-pdftex.def 2022-02-07 L3 backend support: PDF output (pdfTeX)
\l__color_backend_stack_int=\count341
\l__pdf_internal_box=\box121
) (./refman.aux)
\openout1 = `refman.aux'.

LaTeX Font Info:    Checking defaults for OML/cmm/m/it on input line 183.
LaTeX Font Info:    ... okay on input line 183.
LaTeX Font Info:    Checking defaults for OMS/cmsy/m/n on input line 183.
LaTeX Font Info:    ... okay on input line 183.
LaTeX Font Info:    Checking defaults for OT1/cmr/m/n on input line 183.
LaTeX Font Info:    ... okay on input line 183.
LaTeX Font Info:    Checking defaults for T1/cmr/m/n on input line 183.
LaTeX Font Info:    ... okay on input line 183.
LaTeX Font Info:    Checking defaults for TS1/cmr/m/n on input line 183.
LaTeX Font Info:    ... okay on input line 183.
LaTeX Font Info:    Checking defaults for OMX/cmex/m/n on input line 183.
LaTeX Font Info:    ... okay on input line 183.
LaTeX Font Info:    Checking defaults for U/cmr/m/n on input line 183.
LaTeX Font Info:    ... okay on input line 183.
LaTeX Font Info:    Checking defaults for PD1/pdf/m/n on input line 183.
LaTeX Font Info:    ... okay on input line 183.
LaTeX Font Info:    Checking defaults for PU/pdf/m/n on input line 183.
LaTeX Font Info:    ... okay on input line 183.

(e:/Program Files/texlive/2022/texmf-dist/tex/context/base/mkii/supp-pdf.mkii
[Loading MPS to PDF converter (version 2006.09.02).]
\scratchcounter=\count342
\scratchdimen=\dimen266
\scratchbox=\box122
\nofMPsegments=\count343
\nofMParguments=\count344
\everyMPshowfont=\toks36
\MPscratchCnt=\count345
\MPscratchDim=\dimen267
\MPnumerator=\count346
\makeMPintoPDFobject=\count347
\everyMPtoPDFconversion=\toks37
)
(e:/Program Files/texlive/2022/texmf-dist/tex/latex/epstopdf-pkg/epstopdf-base.
sty
Package: epstopdf-base 2020-01-24 v2.11 Base part for package epstopdf
Package epstopdf-base Info: Redefining graphics rule for `.eps' on input line 4
85.

(e:/Program Files/texlive/2022/texmf-dist/tex/latex/latexconfig/epstopdf-sys.cf
g
File: epstopdf-sys.cfg 2010/07/13 v1.3 Configuration of (r)epstopdf for TeX Liv
e
))
*geometry* driver: auto-detecting
*geometry* detected driver: pdftex
*geometry* verbose mode - [ preamble ] result:
* driver: pdftex
* paper: a4paper
* layout: <same size as paper>
* layoutoffset:(h,v)=(0.0pt,0.0pt)
* modes: twoside 
* h-part:(L,W,R)=(71.13188pt, 455.24411pt, 71.13188pt)
* v-part:(T,H,B)=(71.13188pt, 702.78308pt, 71.13188pt)
* \paperwidth=597.50787pt
* \paperheight=845.04684pt
* \textwidth=455.24411pt
* \textheight=702.78308pt
* \oddsidemargin=-1.1381pt
* \evensidemargin=-1.1381pt
* \topmargin=-31.2056pt
* \headheight=12.0pt
* \headsep=18.06749pt
* \topskip=10.0pt
* \footskip=25.29494pt
* \marginparwidth=125.0pt
* \marginparsep=7.0pt
* \columnsep=10.0pt
* \skip\footins=9.0pt plus 4.0pt minus 2.0pt
* \hoffset=0.0pt
* \voffset=0.0pt
* \mag=1000
* \@twocolumnfalse
* \@twosidetrue
* \@mparswitchtrue
* \@reversemarginfalse
* (1in=72.27pt=25.4mm, 1cm=28.453pt)

Package backref Info: ** backref set up for natbib ** on input line 183.
Package hyperref Info: Link coloring ON on input line 183.
(e:/Program Files/texlive/2022/texmf-dist/tex/latex/hyperref/nameref.sty
Package: nameref 2021-04-02 v2.47 Cross-referencing by name of section

(e:/Program Files/texlive/2022/texmf-dist/tex/latex/refcount/refcount.sty
Package: refcount 2019/12/15 v3.6 Data extraction from label references (HO)
)
(e:/Program Files/texlive/2022/texmf-dist/tex/generic/gettitlestring/gettitlest
ring.sty
Package: gettitlestring 2019/12/15 v1.6 Cleanup title references (HO)
)
\c@section@level=\count348
)
LaTeX Info: Redefining \ref on input line 183.
LaTeX Info: Redefining \pageref on input line 183.
LaTeX Info: Redefining \nameref on input line 183.
 (./refman.out) (./refman.out)
\@outlinefile=\write5
\openout5 = `refman.out'.

Package caption Info: Begin \AtBeginDocument code.
Package caption Info: End \AtBeginDocument code.
\Etoc@tf=\read4
Package hyperref Info: Option `pageanchor' set `false' on input line 191.
Package hyperref Info: Option `bookmarksnumbered' set `true' on input line 191.

Package hyperref Info: Option `unicode' set `true' on input line 191.
LaTeX Font Info:    Font shape `T1/phv/m/n' will be
(Font)              scaled to size 12.9599pt on input line 196.
LaTeX Font Info:    Font shape `T1/phv/m/n' will be
(Font)              scaled to size 10.79993pt on input line 197.
LaTeX Font Info:    Font shape `T1/phv/m/n' will be
(Font)              scaled to size 6.29996pt on input line 197.
LaTeX Font Info:    Trying to load font information for U+msa on input line 197
.

(e:/Program Files/texlive/2022/texmf-dist/tex/latex/amsfonts/umsa.fd
File: umsa.fd 2013/01/14 v3.01 AMS symbols A
)
LaTeX Font Info:    Trying to load font information for U+msb on input line 197
.

(e:/Program Files/texlive/2022/texmf-dist/tex/latex/amsfonts/umsb.fd
File: umsb.fd 2013/01/14 v3.01 AMS symbols B
)
LaTeX Font Info:    Trying to load font information for U+wasy on input line 19
7.

(e:/Program Files/texlive/2022/texmf-dist/tex/latex/wasysym/uwasy.fd
File: uwasy.fd 2020/01/19 v2.4 Wasy-2 symbol font definitions
) [1


{e:/Program Files/texlive/2022/texmf-var/fonts/map/pdftex/updmap/pdftex.map}] [
2

]
\tf@toc=\write6
\openout6 = `refman.toc'.

LaTeX Font Info:    Font shape `T1/phv/b/n' will be
(Font)              scaled to size 8.99994pt on input line 205.
LaTeX Font Info:    Font shape `T1/phv/b/n' will be
(Font)              scaled to size 6.29996pt on input line 205.

[1] [2] [3] [4]
Package hyperref Info: Option `pageanchor' set `true' on input line 208.

Chapter 1.
LaTeX Font Info:    Font shape `T1/phv/m/n' will be
(Font)              scaled to size 18.66588pt on input line 210.
LaTeX Font Info:    Font shape `T1/phv/b/n' will be
(Font)              scaled to size 18.66588pt on input line 210.
LaTeX Font Info:    Font shape `T1/phv/b/n' will be
(Font)              scaled to size 22.39185pt on input line 210.
(./hierarchy.tex
LaTeX Font Info:    Font shape `T1/phv/b/n' will be
(Font)              scaled to size 12.9599pt on input line 1.
) [1


] [2

]
Chapter 2.
(./annotated.tex) [3] [4

]
Chapter 3.
(./files.tex) [5] [6

]
Chapter 4.
(./classhdg_1_1_binary_operator_node.tex <./classhdg_1_1_binary_operator_node.p
df>
<classhdg_1_1_binary_operator_node.pdf, id=1112, 501.875pt x 243.32907pt>
File: classhdg_1_1_binary_operator_node.pdf Graphic file (type pdf)
<use classhdg_1_1_binary_operator_node.pdf>
Package pdftex.def Info: classhdg_1_1_binary_operator_node.pdf  used on input l
ine 6.
(pdftex.def)             Requested size: 117.36629pt x 56.9055pt.
LaTeX Font Info:    Trying to load font information for TS1+phv on input line 1
2.
 (e:/Program Files/texlive/2022/texmf-dist/tex/latex/psnfss/ts1phv.fd
File: ts1phv.fd 2020/03/25 scalable font definitions for TS1/phv.
)
LaTeX Font Info:    Font shape `TS1/phv/m/n' will be
(Font)              scaled to size 8.99994pt on input line 12.
LaTeX Font Info:    Font shape `T1/phv/b/n' will be
(Font)              scaled to size 10.79993pt on input line 40.
LaTeX Font Info:    Font shape `T1/phv/m/n' will be
(Font)              scaled to size 7.19995pt on input line 77.
LaTeX Font Info:    Trying to load font information for T1+pcr on input line 77
.

(e:/Program Files/texlive/2022/texmf-dist/tex/latex/psnfss/t1pcr.fd
File: t1pcr.fd 2001/06/04 font definitions for T1/pcr.
) [7])
(./classhdg_1_1_call_node.tex <./classhdg_1_1_call_node.pdf>
<classhdg_1_1_call_node.pdf, id=1173, 501.875pt x 405.55516pt>
File: classhdg_1_1_call_node.pdf Graphic file (type pdf)
<use classhdg_1_1_call_node.pdf>
Package pdftex.def Info: classhdg_1_1_call_node.pdf  used on input line 6.
(pdftex.def)             Requested size: 70.41518pt x 56.9055pt.
 [8])
(./classhdg_1_1_environment.tex [9]) (./classhdg_1_1_error.tex <./classhdg_1_1_
error.pdf>
<classhdg_1_1_error.pdf, id=1253, 501.875pt x 132.07343pt>
File: classhdg_1_1_error.pdf Graphic file (type pdf)
<use classhdg_1_1_error.pdf>
Package pdftex.def Info: classhdg_1_1_error.pdf  used on input line 6.
(pdftex.def)             Requested size: 324.36165pt x 85.35826pt.
) (./classhdg_1_1_float.tex <./classhdg_1_1_float.pdf>
<classhdg_1_1_float.pdf, id=1261, 501.875pt x 477.97571pt>
File: classhdg_1_1_float.pdf Graphic file (type pdf)
<use classhdg_1_1_float.pdf>
Package pdftex.def Info: classhdg_1_1_float.pdf  used on input line 6.
(pdftex.def)             Requested size: 59.7476pt x 56.9055pt.
 [10]
LaTeX Font Info:    Font shape `T1/pcr/m/it' in size <8> not available
(Font)              Font shape `T1/pcr/m/sl' tried instead on input line 90.
 [11]
[12] [13]) (./classhdg_1_1_for_node.tex <./classhdg_1_1_for_node.pdf>
<classhdg_1_1_for_node.pdf, id=1426, 501.875pt x 413.91638pt>
File: classhdg_1_1_for_node.pdf Graphic file (type pdf)
<use classhdg_1_1_for_node.pdf>
Package pdftex.def Info: classhdg_1_1_for_node.pdf  used on input line 6.
(pdftex.def)             Requested size: 68.99078pt x 56.9055pt.
 [14])
(./classhdg_1_1_func_obj_node.tex <./classhdg_1_1_func_obj_node.pdf>
<classhdg_1_1_func_obj_node.pdf, id=1473, 501.875pt x 477.97571pt>
File: classhdg_1_1_func_obj_node.pdf Graphic file (type pdf)
<use classhdg_1_1_func_obj_node.pdf>
Package pdftex.def Info: classhdg_1_1_func_obj_node.pdf  used on input line 6.
(pdftex.def)             Requested size: 89.6214pt x 85.35826pt.
 [15])
(./classhdg_1_1_function.tex <./classhdg_1_1_function.pdf>
<classhdg_1_1_function.pdf, id=1517, 501.875pt x 418.23253pt>
File: classhdg_1_1_function.pdf Graphic file (type pdf)
<use classhdg_1_1_function.pdf>
Package pdftex.def Info: classhdg_1_1_function.pdf  used on input line 6.
(pdftex.def)             Requested size: 68.2786pt x 56.9055pt.
 [16] [17])
(./classhdg_1_1_if_node.tex <./classhdg_1_1_if_node.pdf>
<classhdg_1_1_if_node.pdf, id=1607, 501.875pt x 477.97571pt>
File: classhdg_1_1_if_node.pdf Graphic file (type pdf)
<use classhdg_1_1_if_node.pdf>
Package pdftex.def Info: classhdg_1_1_if_node.pdf  used on input line 6.
(pdftex.def)             Requested size: 59.7476pt x 56.9055pt.
 [18])
(./classhdg_1_1_illegal_char_error.tex <./classhdg_1_1_illegal_char_error.pdf>
<classhdg_1_1_illegal_char_error.pdf, id=1647, 501.875pt x 436.41043pt>
File: classhdg_1_1_illegal_char_error.pdf Graphic file (type pdf)
<use classhdg_1_1_illegal_char_error.pdf>
Package pdftex.def Info: classhdg_1_1_illegal_char_error.pdf  used on input lin
e 6.
(pdftex.def)             Requested size: 98.16005pt x 85.35826pt.

[19]) (./structhdg_1_1_indicator.tex) (./classhdg_1_1_integer.tex <./classhdg_1
_1_integer.pdf>
<classhdg_1_1_integer.pdf, id=1674, 501.875pt x 700.28624pt>
File: classhdg_1_1_integer.pdf Graphic file (type pdf)
<use classhdg_1_1_integer.pdf>
Package pdftex.def Info: classhdg_1_1_integer.pdf  used on input line 6.
(pdftex.def)             Requested size: 61.17198pt x 85.35826pt.
 [20] [21] [22] [23]) (./classhdg_1_1_interpreter.tex)
(./classhdg_1_1_invalid_syntax_error.tex <./classhdg_1_1_invalid_syntax_error.p
df>
<classhdg_1_1_invalid_syntax_error.pdf, id=1835, 501.875pt x 396.22026pt>
File: classhdg_1_1_invalid_syntax_error.pdf Graphic file (type pdf)
<use classhdg_1_1_invalid_syntax_error.pdf>
Package pdftex.def Info: classhdg_1_1_invalid_syntax_error.pdf  used on input l
ine 6.
(pdftex.def)             Requested size: 108.11543pt x 85.35826pt.
 [24]) (./classhdg_1_1_lexer.tex [25]) (./classhdg_1_1_list.tex)
(./classhdg_1_1_node.tex <./classhdg_1_1_node.pdf>
<classhdg_1_1_node.pdf, id=1876, 501.875pt x 729.99728pt>
File: classhdg_1_1_node.pdf Graphic file (type pdf)
<use classhdg_1_1_node.pdf>
Package pdftex.def Info: classhdg_1_1_node.pdf  used on input line 6.
(pdftex.def)             Requested size: 234.74023pt x 341.43306pt.
 [26])
(./classhdg_1_1_none.tex <./classhdg_1_1_none.pdf>
<classhdg_1_1_none.pdf, id=1908, 501.875pt x 700.28624pt>
File: classhdg_1_1_none.pdf Graphic file (type pdf)
<use classhdg_1_1_none.pdf>
Package pdftex.def Info: classhdg_1_1_none.pdf  used on input line 6.
(pdftex.def)             Requested size: 61.17198pt x 85.35826pt.
 [27] [28])
(./classhdg_1_1_not_implemented_error.tex) (./classhdg_1_1_num_obj_node.tex <./
classhdg_1_1_num_obj_node.pdf>
<classhdg_1_1_num_obj_node.pdf, id=2002, 501.875pt x 329.0995pt>
File: classhdg_1_1_num_obj_node.pdf Graphic file (type pdf)
<use classhdg_1_1_num_obj_node.pdf>
Package pdftex.def Info: classhdg_1_1_num_obj_node.pdf  used on input line 6.
(pdftex.def)             Requested size: 86.78029pt x 56.9055pt.
 [29]) (./classhdg_1_1_obj_access_node.tex <./classhdg_1_1_obj_access_node.pdf>
<classhdg_1_1_obj_access_node.pdf, id=2032, 501.875pt x 288.84912pt>
File: classhdg_1_1_obj_access_node.pdf Graphic file (type pdf)
<use classhdg_1_1_obj_access_node.pdf>
Package pdftex.def Info: classhdg_1_1_obj_access_node.pdf  used on input line 6
.
(pdftex.def)             Requested size: 98.87225pt x 56.9055pt.
 [30]) (./classhdg_1_1_obj_assign_node.tex <./classhdg_1_1_obj_assign_node.pdf>
<classhdg_1_1_obj_assign_node.pdf, id=2069, 501.875pt x 297.41112pt>
File: classhdg_1_1_obj_assign_node.pdf Graphic file (type pdf)
<use classhdg_1_1_obj_assign_node.pdf>
Package pdftex.def Info: classhdg_1_1_obj_assign_node.pdf  used on input line 6
.
(pdftex.def)             Requested size: 96.02348pt x 56.9055pt.
 [31]) (./classhdg_1_1_object.tex <./classhdg_1_1_object.pdf>
<classhdg_1_1_object.pdf, id=2109, 501.875pt x 156.83594pt>
File: classhdg_1_1_object.pdf Graphic file (type pdf)
<use classhdg_1_1_object.pdf>
Package pdftex.def Info: classhdg_1_1_object.pdf  used on input line 6.
(pdftex.def)             Requested size: 273.1527pt x 85.35826pt.
 [32]) (./classhdg_1_1_object_node.tex <./classhdg_1_1_object_node.pdf>
<classhdg_1_1_object_node.pdf, id=2166, 501.875pt x 238.99287pt>
File: classhdg_1_1_object_node.pdf Graphic file (type pdf)
<use classhdg_1_1_object_node.pdf>
Package pdftex.def Info: classhdg_1_1_object_node.pdf  used on input line 6.
(pdftex.def)             Requested size: 179.24281pt x 85.35826pt.
 [33] [34]) (./classhdg_1_1_parser.tex) (./classhdg_1_1_position.tex
[35]) (./classhdg_1_1_runtime_error.tex <./classhdg_1_1_runtime_error.pdf>
<classhdg_1_1_runtime_error.pdf, id=2322, 501.875pt x 497.7295pt>
File: classhdg_1_1_runtime_error.pdf Graphic file (type pdf)
<use classhdg_1_1_runtime_error.pdf>
Package pdftex.def Info: classhdg_1_1_runtime_error.pdf  used on input line 6.
(pdftex.def)             Requested size: 86.0681pt x 85.35826pt.

[36]) (./classhdg_1_1_shell.tex) (./classhdg_1_1_statements_node.tex <./classhd
g_1_1_statements_node.pdf>
<classhdg_1_1_statements_node.pdf, id=2360, 501.875pt x 293.0649pt>
File: classhdg_1_1_statements_node.pdf Graphic file (type pdf)
<use classhdg_1_1_statements_node.pdf>
Package pdftex.def Info: classhdg_1_1_statements_node.pdf  used on input line 6
.
(pdftex.def)             Requested size: 97.44786pt x 56.9055pt.
 [37]) (./classhdg_1_1_string.tex <./classhdg_1_1_string.pdf>
<classhdg_1_1_string.pdf, id=2402, 501.875pt x 477.97571pt>
File: classhdg_1_1_string.pdf Graphic file (type pdf)
<use classhdg_1_1_string.pdf>
Package pdftex.def Info: classhdg_1_1_string.pdf  used on input line 6.
(pdftex.def)             Requested size: 59.7476pt x 56.9055pt.
 [38] [39]) (./classhdg_1_1_str_obj_node.tex <./classhdg_1_1_str_obj_node.pdf>
<classhdg_1_1_str_obj_node.pdf, id=2489, 501.875pt x 528.2937pt>
File: classhdg_1_1_str_obj_node.pdf Graphic file (type pdf)
<use classhdg_1_1_str_obj_node.pdf>
Package pdftex.def Info: classhdg_1_1_str_obj_node.pdf  used on input line 6.
(pdftex.def)             Requested size: 81.08275pt x 85.35826pt.
 [40]) (./classhdg_1_1_token.tex [41])
(./classhdg_1_1_unary_operator_node.tex <./classhdg_1_1_unary_operator_node.pdf
>
<classhdg_1_1_unary_operator_node.pdf, id=2546, 501.875pt x 247.83592pt>
File: classhdg_1_1_unary_operator_node.pdf Graphic file (type pdf)
<use classhdg_1_1_unary_operator_node.pdf>
Package pdftex.def Info: classhdg_1_1_unary_operator_node.pdf  used on input li
ne 6.
(pdftex.def)             Requested size: 115.2297pt x 56.9055pt.
 [42]) (./classhdg_1_1_while_node.tex <./classhdg_1_1_while_node.pdf>
<classhdg_1_1_while_node.pdf, id=2614, 501.875pt x 371.75888pt>
File: classhdg_1_1_while_node.pdf Graphic file (type pdf)
<use classhdg_1_1_while_node.pdf>
Package pdftex.def Info: classhdg_1_1_while_node.pdf  used on input line 6.
(pdftex.def)             Requested size: 76.81725pt x 56.9055pt.
 [43])
[44]
Chapter 5.
(./_environment_8h_source.tex) (./_position_8h_source.tex [45

])
(./_token_8h_source.tex

! LaTeX Error: Unicode character ËôΩ (U+867D)
               not set up for use with LaTeX.

See the LaTeX manual or LaTeX Companion for explanation.
Type  H <return>  for immediate help.
 ...                                              
                                                  
l.22 ...å‰ΩÜÂÆûÈôÖ‰∏äÂÖ®ÈÉΩÊòØÂèåÁ≤æÂ∫¶ÊµÆÁÇπÂûã}}
                                                  
? 

! LaTeX Error: Unicode character ÁÑ∂ (U+7136)
               not set up for use with LaTeX.

See the LaTeX manual or LaTeX Companion for explanation.
Type  H <return>  for immediate help.
 ...                                              
                                                  
l.22 ...å‰ΩÜÂÆûÈôÖ‰∏äÂÖ®ÈÉΩÊòØÂèåÁ≤æÂ∫¶ÊµÆÁÇπÂûã}}
                                                  
? 

! LaTeX Error: Unicode character Âêç (U+540D)
               not set up for use with LaTeX.

See the LaTeX manual or LaTeX Companion for explanation.
Type  H <return>  for immediate help.
 ...                                              
                                                  
l.22 ...å‰ΩÜÂÆûÈôÖ‰∏äÂÖ®ÈÉΩÊòØÂèåÁ≤æÂ∫¶ÊµÆÁÇπÂûã}}
                                                  
? 

! LaTeX Error: Unicode character Áß∞ (U+79F0)
               not set up for use with LaTeX.

See the LaTeX manual or LaTeX Companion for explanation.
Type  H <return>  for immediate help.
 ...                                              
                                                  
l.22 ...å‰ΩÜÂÆûÈôÖ‰∏äÂÖ®ÈÉΩÊòØÂèåÁ≤æÂ∫¶ÊµÆÁÇπÂûã}}
                                                  
? 

! LaTeX Error: Unicode character ‰∏∫ (U+4E3A)
               not set up for use with LaTeX.

See the LaTeX manual or LaTeX Companion for explanation.
Type  H <return>  for immediate help.
 ...                                              
                                                  
l.22 ...å‰ΩÜÂÆûÈôÖ‰∏äÂÖ®ÈÉΩÊòØÂèåÁ≤æÂ∫¶ÊµÆÁÇπÂûã}}
                                                  
? 

! LaTeX Error: Unicode character Ôºå (U+FF0C)
               not set up for use with LaTeX.

See the LaTeX manual or LaTeX Companion for explanation.
Type  H <return>  for immediate help.
 ...                                              
                                                  
l.22 ...å‰ΩÜÂÆûÈôÖ‰∏äÂÖ®ÈÉΩÊòØÂèåÁ≤æÂ∫¶ÊµÆÁÇπÂûã}}
                                                  
? 

! LaTeX Error: Unicode character ‰ΩÜ (U+4F46)
               not set up for use with LaTeX.

See the LaTeX manual or LaTeX Companion for explanation.
Type  H <return>  for immediate help.
 ...                                              
                                                  
l.22 ...å‰ΩÜÂÆûÈôÖ‰∏äÂÖ®ÈÉΩÊòØÂèåÁ≤æÂ∫¶ÊµÆÁÇπÂûã}}
                                                  
? 

! LaTeX Error: Unicode character ÂÆû (U+5B9E)
               not set up for use with LaTeX.

See the LaTeX manual or LaTeX Companion for explanation.
Type  H <return>  for immediate help.
 ...                                              
                                                  
l.22 ...å‰ΩÜÂÆûÈôÖ‰∏äÂÖ®ÈÉΩÊòØÂèåÁ≤æÂ∫¶ÊµÆÁÇπÂûã}}
                                                  
? 

! LaTeX Error: Unicode character ÈôÖ (U+9645)
               not set up for use with LaTeX.

See the LaTeX manual or LaTeX Companion for explanation.
Type  H <return>  for immediate help.
 ...                                              
                                                  
l.22 ...å‰ΩÜÂÆûÈôÖ‰∏äÂÖ®ÈÉΩÊòØÂèåÁ≤æÂ∫¶ÊµÆÁÇπÂûã}}
                                                  
? 

! LaTeX Error: Unicode character ‰∏ä (U+4E0A)
               not set up for use with LaTeX.

See the LaTeX manual or LaTeX Companion for explanation.
Type  H <return>  for immediate help.
 ...                                              
                                                  
l.22 ...å‰ΩÜÂÆûÈôÖ‰∏äÂÖ®ÈÉΩÊòØÂèåÁ≤æÂ∫¶ÊµÆÁÇπÂûã}}
                                                  
? 

! LaTeX Error: Unicode character ÂÖ® (U+5168)
               not set up for use with LaTeX.

See the LaTeX manual or LaTeX Companion for explanation.
Type  H <return>  for immediate help.
 ...                                              
                                                  
l.22 ...å‰ΩÜÂÆûÈôÖ‰∏äÂÖ®ÈÉΩÊòØÂèåÁ≤æÂ∫¶ÊµÆÁÇπÂûã}}
                                                  
? 

! LaTeX Error: Unicode character ÈÉΩ (U+90FD)
               not set up for use with LaTeX.

See the LaTeX manual or LaTeX Companion for explanation.
Type  H <return>  for immediate help.
 ...                                              
                                                  
l.22 ...å‰ΩÜÂÆûÈôÖ‰∏äÂÖ®ÈÉΩÊòØÂèåÁ≤æÂ∫¶ÊµÆÁÇπÂûã}}
                                                  
? 

! LaTeX Error: Unicode character ÊòØ (U+662F)
               not set up for use with LaTeX.

See the LaTeX manual or LaTeX Companion for explanation.
Type  H <return>  for immediate help.
 ...                                              
                                                  
l.22 ...å‰ΩÜÂÆûÈôÖ‰∏äÂÖ®ÈÉΩÊòØÂèåÁ≤æÂ∫¶ÊµÆÁÇπÂûã}}
                                                  
? 

! LaTeX Error: Unicode character Âèå (U+53CC)
               not set up for use with LaTeX.

See the LaTeX manual or LaTeX Companion for explanation.
Type  H <return>  for immediate help.
 ...                                              
                                                  
l.22 ...å‰ΩÜÂÆûÈôÖ‰∏äÂÖ®ÈÉΩÊòØÂèåÁ≤æÂ∫¶ÊµÆÁÇπÂûã}}
                                                  
? 

! LaTeX Error: Unicode character Á≤æ (U+7CBE)
               not set up for use with LaTeX.

See the LaTeX manual or LaTeX Companion for explanation.
Type  H <return>  for immediate help.
 ...                                              
                                                  
l.22 ...å‰ΩÜÂÆûÈôÖ‰∏äÂÖ®ÈÉΩÊòØÂèåÁ≤æÂ∫¶ÊµÆÁÇπÂûã}}
                                                  
? 

! LaTeX Error: Unicode character Â∫¶ (U+5EA6)
               not set up for use with LaTeX.

See the LaTeX manual or LaTeX Companion for explanation.
Type  H <return>  for immediate help.
 ...                                              
                                                  
l.22 ...å‰ΩÜÂÆûÈôÖ‰∏äÂÖ®ÈÉΩÊòØÂèåÁ≤æÂ∫¶ÊµÆÁÇπÂûã}}
                                                  
? 

! LaTeX Error: Unicode character ÊµÆ (U+6D6E)
               not set up for use with LaTeX.

See the LaTeX manual or LaTeX Companion for explanation.
Type  H <return>  for immediate help.
 ...                                              
                                                  
l.22 ...å‰ΩÜÂÆûÈôÖ‰∏äÂÖ®ÈÉΩÊòØÂèåÁ≤æÂ∫¶ÊµÆÁÇπÂûã}}
                                                  
? 

! LaTeX Error: Unicode character ÁÇπ (U+70B9)
               not set up for use with LaTeX.

See the LaTeX manual or LaTeX Companion for explanation.
Type  H <return>  for immediate help.
 ...                                              
                                                  
l.22 ...å‰ΩÜÂÆûÈôÖ‰∏äÂÖ®ÈÉΩÊòØÂèåÁ≤æÂ∫¶ÊµÆÁÇπÂûã}}
                                                  
? 

! LaTeX Error: Unicode character Âûã (U+578B)
               not set up for use with LaTeX.

See the LaTeX manual or LaTeX Companion for explanation.
Type  H <return>  for immediate help.
 ...                                              
                                                  
l.22 ...å‰ΩÜÂÆûÈôÖ‰∏äÂÖ®ÈÉΩÊòØÂèåÁ≤æÂ∫¶ÊµÆÁÇπÂûã}}
                                                  
? 

! LaTeX Error: Unicode character ‰∏ç (U+4E0D)
               not set up for use with LaTeX.

See the LaTeX manual or LaTeX Companion for explanation.
Type  H <return>  for immediate help.
 ...                                              
                                                  
l.27 ...tcolor{comment}{//\ ‰∏çÁ≠â‰∫éÂè∑‚Äú!=‚Äù}}
                                                  
? 

! LaTeX Error: Unicode character Á≠â (U+7B49)
               not set up for use with LaTeX.

See the LaTeX manual or LaTeX Companion for explanation.
Type  H <return>  for immediate help.
 ...                                              
                                                  
l.27 ...tcolor{comment}{//\ ‰∏çÁ≠â‰∫éÂè∑‚Äú!=‚Äù}}
                                                  
? 

! LaTeX Error: Unicode character ‰∫é (U+4E8E)
               not set up for use with LaTeX.

See the LaTeX manual or LaTeX Companion for explanation.
Type  H <return>  for immediate help.
 ...                                              
                                                  
l.27 ...tcolor{comment}{//\ ‰∏çÁ≠â‰∫éÂè∑‚Äú!=‚Äù}}
                                                  
? 

! LaTeX Error: Unicode character Âè∑ (U+53F7)
               not set up for use with LaTeX.

See the LaTeX manual or LaTeX Companion for explanation.
Type  H <return>  for immediate help.
 ...                                              
                                                  
l.27 ...tcolor{comment}{//\ ‰∏çÁ≠â‰∫éÂè∑‚Äú!=‚Äù}}
                                                  
? 

! LaTeX Error: Unicode character ÈÄª (U+903B)
               not set up for use with LaTeX.

See the LaTeX manual or LaTeX Companion for explanation.
Type  H <return>  for immediate help.
 ...                                              
                                                  
l.28 ...{//\ ÈÄªËæëË°®ËææÂºèÁöÑÁ≠â‰∫éÂè∑‚Äú==‚Äù}}
                                                  
? 

! LaTeX Error: Unicode character Ëæë (U+8F91)
               not set up for use with LaTeX.

See the LaTeX manual or LaTeX Companion for explanation.
Type  H <return>  for immediate help.
 ...                                              
                                                  
l.28 ...{//\ ÈÄªËæëË°®ËææÂºèÁöÑÁ≠â‰∫éÂè∑‚Äú==‚Äù}}
                                                  
? 

! LaTeX Error: Unicode character Ë°® (U+8868)
               not set up for use with LaTeX.

See the LaTeX manual or LaTeX Companion for explanation.
Type  H <return>  for immediate help.
 ...                                              
                                                  
l.28 ...{//\ ÈÄªËæëË°®ËææÂºèÁöÑÁ≠â‰∫éÂè∑‚Äú==‚Äù}}
                                                  
? 

! LaTeX Error: Unicode character Ëææ (U+8FBE)
               not set up for use with LaTeX.

See the LaTeX manual or LaTeX Companion for explanation.
Type  H <return>  for immediate help.
 ...                                              
                                                  
l.28 ...{//\ ÈÄªËæëË°®ËææÂºèÁöÑÁ≠â‰∫éÂè∑‚Äú==‚Äù}}
                                                  
? 

! LaTeX Error: Unicode character Âºè (U+5F0F)
               not set up for use with LaTeX.

See the LaTeX manual or LaTeX Companion for explanation.
Type  H <return>  for immediate help.
 ...                                              
                                                  
l.28 ...{//\ ÈÄªËæëË°®ËææÂºèÁöÑÁ≠â‰∫éÂè∑‚Äú==‚Äù}}
                                                  
? 

! LaTeX Error: Unicode character ÁöÑ (U+7684)
               not set up for use with LaTeX.

See the LaTeX manual or LaTeX Companion for explanation.
Type  H <return>  for immediate help.
 ...                                              
                                                  
l.28 ...{//\ ÈÄªËæëË°®ËææÂºèÁöÑÁ≠â‰∫éÂè∑‚Äú==‚Äù}}
                                                  
? 

! LaTeX Error: Unicode character Á≠â (U+7B49)
               not set up for use with LaTeX.

See the LaTeX manual or LaTeX Companion for explanation.
Type  H <return>  for immediate help.
 ...                                              
                                                  
l.28 ...{//\ ÈÄªËæëË°®ËææÂºèÁöÑÁ≠â‰∫éÂè∑‚Äú==‚Äù}}
                                                  
? 

! LaTeX Error: Unicode character ‰∫é (U+4E8E)
               not set up for use with LaTeX.

See the LaTeX manual or LaTeX Companion for explanation.
Type  H <return>  for immediate help.
 ...                                              
                                                  
l.28 ...{//\ ÈÄªËæëË°®ËææÂºèÁöÑÁ≠â‰∫éÂè∑‚Äú==‚Äù}}
                                                  
? 

! LaTeX Error: Unicode character Âè∑ (U+53F7)
               not set up for use with LaTeX.

See the LaTeX manual or LaTeX Companion for explanation.
Type  H <return>  for immediate help.
 ...                                              
                                                  
l.28 ...{//\ ÈÄªËæëË°®ËææÂºèÁöÑÁ≠â‰∫éÂè∑‚Äú==‚Äù}}
                                                  
? 

! LaTeX Error: Unicode character Â∑¶ (U+5DE6)
               not set up for use with LaTeX.

See the LaTeX manual or LaTeX Companion for explanation.
Type  H <return>  for immediate help.
 ...                                              
                                                  
l.40 ...\ \ \textcolor{comment}{//\ Â∑¶ÂúÜÊã¨Âè∑}}
                                                  
? 

! LaTeX Error: Unicode character ÂúÜ (U+5706)
               not set up for use with LaTeX.

See the LaTeX manual or LaTeX Companion for explanation.
Type  H <return>  for immediate help.
 ...                                              
                                                  
l.40 ...\ \ \textcolor{comment}{//\ Â∑¶ÂúÜÊã¨Âè∑}}
                                                  
? 

! LaTeX Error: Unicode character Êã¨ (U+62EC)
               not set up for use with LaTeX.

See the LaTeX manual or LaTeX Companion for explanation.
Type  H <return>  for immediate help.
 ...                                              
                                                  
l.40 ...\ \ \textcolor{comment}{//\ Â∑¶ÂúÜÊã¨Âè∑}}
                                                  
? 

! LaTeX Error: Unicode character Âè∑ (U+53F7)
               not set up for use with LaTeX.

See the LaTeX manual or LaTeX Companion for explanation.
Type  H <return>  for immediate help.
 ...                                              
                                                  
l.40 ...\ \ \textcolor{comment}{//\ Â∑¶ÂúÜÊã¨Âè∑}}
                                                  
? 

! LaTeX Error: Unicode character Â∑¶ (U+5DE6)
               not set up for use with LaTeX.

See the LaTeX manual or LaTeX Companion for explanation.
Type  H <return>  for immediate help.
 ...                                              
                                                  
l.42 ...\ \ \textcolor{comment}{//\ Â∑¶ÊñπÊã¨Âè∑}}
                                                  
? 

! LaTeX Error: Unicode character Êñπ (U+65B9)
               not set up for use with LaTeX.

See the LaTeX manual or LaTeX Companion for explanation.
Type  H <return>  for immediate help.
 ...                                              
                                                  
l.42 ...\ \ \textcolor{comment}{//\ Â∑¶ÊñπÊã¨Âè∑}}
                                                  
? 

! LaTeX Error: Unicode character Êã¨ (U+62EC)
               not set up for use with LaTeX.

See the LaTeX manual or LaTeX Companion for explanation.
Type  H <return>  for immediate help.
 ...                                              
                                                  
l.42 ...\ \ \textcolor{comment}{//\ Â∑¶ÊñπÊã¨Âè∑}}
                                                  
? 

! LaTeX Error: Unicode character Âè∑ (U+53F7)
               not set up for use with LaTeX.

See the LaTeX manual or LaTeX Companion for explanation.
Type  H <return>  for immediate help.
 ...                                              
                                                  
l.42 ...\ \ \textcolor{comment}{//\ Â∑¶ÊñπÊã¨Âè∑}}
                                                  
? 
[46]

! LaTeX Error: Unicode character Â∑¶ (U+5DE6)
               not set up for use with LaTeX.

See the LaTeX manual or LaTeX Companion for explanation.
Type  H <return>  for immediate help.
 ...                                              
                                                  
l.44 ...\ \ \textcolor{comment}{//\ Â∑¶Ëä±Êã¨Âè∑}}
                                                  
? 

! LaTeX Error: Unicode character Ëä± (U+82B1)
               not set up for use with LaTeX.

See the LaTeX manual or LaTeX Companion for explanation.
Type  H <return>  for immediate help.
 ...                                              
                                                  
l.44 ...\ \ \textcolor{comment}{//\ Â∑¶Ëä±Êã¨Âè∑}}
                                                  
? 

! LaTeX Error: Unicode character Êã¨ (U+62EC)
               not set up for use with LaTeX.

See the LaTeX manual or LaTeX Companion for explanation.
Type  H <return>  for immediate help.
 ...                                              
                                                  
l.44 ...\ \ \textcolor{comment}{//\ Â∑¶Ëä±Êã¨Âè∑}}
                                                  
? 

! LaTeX Error: Unicode character Âè∑ (U+53F7)
               not set up for use with LaTeX.

See the LaTeX manual or LaTeX Companion for explanation.
Type  H <return>  for immediate help.
 ...                                              
                                                  
l.44 ...\ \ \textcolor{comment}{//\ Â∑¶Ëä±Êã¨Âè∑}}
                                                  
? 

! LaTeX Error: Unicode character Ëµã (U+8D4B)
               not set up for use with LaTeX.

See the LaTeX manual or LaTeX Companion for explanation.
Type  H <return>  for immediate help.
 ...                                              
                                                  
l.46 ...ent}{//\ ËµãÂÄºËØ≠Âè•ÁöÑÁ≠â‰∫éÂè∑‚Äú=‚Äù}}
                                                  
? 

! LaTeX Error: Unicode character ÂÄº (U+503C)
               not set up for use with LaTeX.

See the LaTeX manual or LaTeX Companion for explanation.
Type  H <return>  for immediate help.
 ...                                              
                                                  
l.46 ...ent}{//\ ËµãÂÄºËØ≠Âè•ÁöÑÁ≠â‰∫éÂè∑‚Äú=‚Äù}}
                                                  
? 

! LaTeX Error: Unicode character ËØ≠ (U+8BED)
               not set up for use with LaTeX.

See the LaTeX manual or LaTeX Companion for explanation.
Type  H <return>  for immediate help.
 ...                                              
                                                  
l.46 ...ent}{//\ ËµãÂÄºËØ≠Âè•ÁöÑÁ≠â‰∫éÂè∑‚Äú=‚Äù}}
                                                  
? 

! LaTeX Error: Unicode character Âè• (U+53E5)
               not set up for use with LaTeX.

See the LaTeX manual or LaTeX Companion for explanation.
Type  H <return>  for immediate help.
 ...                                              
                                                  
l.46 ...ent}{//\ ËµãÂÄºËØ≠Âè•ÁöÑÁ≠â‰∫éÂè∑‚Äú=‚Äù}}
                                                  
? 

! LaTeX Error: Unicode character ÁöÑ (U+7684)
               not set up for use with LaTeX.

See the LaTeX manual or LaTeX Companion for explanation.
Type  H <return>  for immediate help.
 ...                                              
                                                  
l.46 ...ent}{//\ ËµãÂÄºËØ≠Âè•ÁöÑÁ≠â‰∫éÂè∑‚Äú=‚Äù}}
                                                  
? 

! LaTeX Error: Unicode character Á≠â (U+7B49)
               not set up for use with LaTeX.

See the LaTeX manual or LaTeX Companion for explanation.
Type  H <return>  for immediate help.
 ...                                              
                                                  
l.46 ...ent}{//\ ËµãÂÄºËØ≠Âè•ÁöÑÁ≠â‰∫éÂè∑‚Äú=‚Äù}}
                                                  
? 

! LaTeX Error: Unicode character ‰∫é (U+4E8E)
               not set up for use with LaTeX.

See the LaTeX manual or LaTeX Companion for explanation.
Type  H <return>  for immediate help.
 ...                                              
                                                  
l.46 ...ent}{//\ ËµãÂÄºËØ≠Âè•ÁöÑÁ≠â‰∫éÂè∑‚Äú=‚Äù}}
                                                  
? 

! LaTeX Error: Unicode character Âè∑ (U+53F7)
               not set up for use with LaTeX.

See the LaTeX manual or LaTeX Companion for explanation.
Type  H <return>  for immediate help.
 ...                                              
                                                  
l.46 ...ent}{//\ ËµãÂÄºËØ≠Âè•ÁöÑÁ≠â‰∫éÂè∑‚Äú=‚Äù}}
                                                  
? 

! LaTeX Error: Unicode character Êúâ (U+6709)
               not set up for use with LaTeX.

See the LaTeX manual or LaTeX Companion for explanation.
Type  H <return>  for immediate help.
 ...                                              
                                                  
l.52 ...¨¶Ôºö‚Äú;‚Äù\ and\ ‚Äú\(\backslash\)n‚Äù}}
                                                  
? 

! LaTeX Error: Unicode character ‰∏§ (U+4E24)
               not set up for use with LaTeX.

See the LaTeX manual or LaTeX Companion for explanation.
Type  H <return>  for immediate help.
 ...                                              
                                                  
l.52 ...¨¶Ôºö‚Äú;‚Äù\ and\ ‚Äú\(\backslash\)n‚Äù}}
                                                  
? 

! LaTeX Error: Unicode character Áßç (U+79CD)
               not set up for use with LaTeX.

See the LaTeX manual or LaTeX Companion for explanation.
Type  H <return>  for immediate help.
 ...                                              
                                                  
l.52 ...¨¶Ôºö‚Äú;‚Äù\ and\ ‚Äú\(\backslash\)n‚Äù}}
                                                  
? 

! LaTeX Error: Unicode character Ë°® (U+8868)
               not set up for use with LaTeX.

See the LaTeX manual or LaTeX Companion for explanation.
Type  H <return>  for immediate help.
 ...                                              
                                                  
l.52 ...¨¶Ôºö‚Äú;‚Äù\ and\ ‚Äú\(\backslash\)n‚Äù}}
                                                  
? 

! LaTeX Error: Unicode character Ëææ (U+8FBE)
               not set up for use with LaTeX.

See the LaTeX manual or LaTeX Companion for explanation.
Type  H <return>  for immediate help.
 ...                                              
                                                  
l.52 ...¨¶Ôºö‚Äú;‚Äù\ and\ ‚Äú\(\backslash\)n‚Äù}}
                                                  
? 

! LaTeX Error: Unicode character Â≠ó (U+5B57)
               not set up for use with LaTeX.

See the LaTeX manual or LaTeX Companion for explanation.
Type  H <return>  for immediate help.
 ...                                              
                                                  
l.52 ...¨¶Ôºö‚Äú;‚Äù\ and\ ‚Äú\(\backslash\)n‚Äù}}
                                                  
? 

! LaTeX Error: Unicode character Á¨¶ (U+7B26)
               not set up for use with LaTeX.

See the LaTeX manual or LaTeX Companion for explanation.
Type  H <return>  for immediate help.
 ...                                              
                                                  
l.52 ...¨¶Ôºö‚Äú;‚Äù\ and\ ‚Äú\(\backslash\)n‚Äù}}
                                                  
? 

! LaTeX Error: Unicode character Ôºö (U+FF1A)
               not set up for use with LaTeX.

See the LaTeX manual or LaTeX Companion for explanation.
Type  H <return>  for immediate help.
 ...                                              
                                                  
l.52 ...¨¶Ôºö‚Äú;‚Äù\ and\ ‚Äú\(\backslash\)n‚Äù}}
                                                  
? 

! LaTeX Error: Unicode character Áî± (U+7531)
               not set up for use with LaTeX.

See the LaTeX manual or LaTeX Companion for explanation.
Type  H <return>  for immediate help.
 ...                                              
                                                  
l.85 ...∏≠ÁöÑÂÖ≥ÈîÆÂ≠óÔºåÊâÄ‰ª•ËøôÈáåÁî®EF‰ª£Êõø}}
                                                  
? 

! LaTeX Error: Unicode character ‰∫é (U+4E8E)
               not set up for use with LaTeX.

See the LaTeX manual or LaTeX Companion for explanation.
Type  H <return>  for immediate help.
 ...                                              
                                                  
l.85 ...∏≠ÁöÑÂÖ≥ÈîÆÂ≠óÔºåÊâÄ‰ª•ËøôÈáåÁî®EF‰ª£Êõø}}
                                                  
? 

! LaTeX Error: Unicode character ÊòØ (U+662F)
               not set up for use with LaTeX.

See the LaTeX manual or LaTeX Companion for explanation.
Type  H <return>  for immediate help.
 ...                                              
                                                  
l.85 ...∏≠ÁöÑÂÖ≥ÈîÆÂ≠óÔºåÊâÄ‰ª•ËøôÈáåÁî®EF‰ª£Êõø}}
                                                  
? 

! LaTeX Error: Unicode character ‰∏≠ (U+4E2D)
               not set up for use with LaTeX.

See the LaTeX manual or LaTeX Companion for explanation.
Type  H <return>  for immediate help.
 ...                                              
                                                  
l.85 ...∏≠ÁöÑÂÖ≥ÈîÆÂ≠óÔºåÊâÄ‰ª•ËøôÈáåÁî®EF‰ª£Êõø}}
                                                  
? 

! LaTeX Error: Unicode character ÁöÑ (U+7684)
               not set up for use with LaTeX.

See the LaTeX manual or LaTeX Companion for explanation.
Type  H <return>  for immediate help.
 ...                                              
                                                  
l.85 ...∏≠ÁöÑÂÖ≥ÈîÆÂ≠óÔºåÊâÄ‰ª•ËøôÈáåÁî®EF‰ª£Êõø}}
                                                  
? 

! LaTeX Error: Unicode character ÂÖ≥ (U+5173)
               not set up for use with LaTeX.

See the LaTeX manual or LaTeX Companion for explanation.
Type  H <return>  for immediate help.
 ...                                              
                                                  
l.85 ...∏≠ÁöÑÂÖ≥ÈîÆÂ≠óÔºåÊâÄ‰ª•ËøôÈáåÁî®EF‰ª£Êõø}}
                                                  
? 

! LaTeX Error: Unicode character ÈîÆ (U+952E)
               not set up for use with LaTeX.

See the LaTeX manual or LaTeX Companion for explanation.
Type  H <return>  for immediate help.
 ...                                              
                                                  
l.85 ...∏≠ÁöÑÂÖ≥ÈîÆÂ≠óÔºåÊâÄ‰ª•ËøôÈáåÁî®EF‰ª£Êõø}}
                                                  
? 

! LaTeX Error: Unicode character Â≠ó (U+5B57)
               not set up for use with LaTeX.

See the LaTeX manual or LaTeX Companion for explanation.
Type  H <return>  for immediate help.
 ...                                              
                                                  
l.85 ...∏≠ÁöÑÂÖ≥ÈîÆÂ≠óÔºåÊâÄ‰ª•ËøôÈáåÁî®EF‰ª£Êõø}}
                                                  
? 

! LaTeX Error: Unicode character Ôºå (U+FF0C)
               not set up for use with LaTeX.

See the LaTeX manual or LaTeX Companion for explanation.
Type  H <return>  for immediate help.
 ...                                              
                                                  
l.85 ...∏≠ÁöÑÂÖ≥ÈîÆÂ≠óÔºåÊâÄ‰ª•ËøôÈáåÁî®EF‰ª£Êõø}}
                                                  
? 

! LaTeX Error: Unicode character ÊâÄ (U+6240)
               not set up for use with LaTeX.

See the LaTeX manual or LaTeX Companion for explanation.
Type  H <return>  for immediate help.
 ...                                              
                                                  
l.85 ...∏≠ÁöÑÂÖ≥ÈîÆÂ≠óÔºåÊâÄ‰ª•ËøôÈáåÁî®EF‰ª£Êõø}}
                                                  
? 

! LaTeX Error: Unicode character ‰ª• (U+4EE5)
               not set up for use with LaTeX.

See the LaTeX manual or LaTeX Companion for explanation.
Type  H <return>  for immediate help.
 ...                                              
                                                  
l.85 ...∏≠ÁöÑÂÖ≥ÈîÆÂ≠óÔºåÊâÄ‰ª•ËøôÈáåÁî®EF‰ª£Êõø}}
                                                  
? 

! LaTeX Error: Unicode character Ëøô (U+8FD9)
               not set up for use with LaTeX.

See the LaTeX manual or LaTeX Companion for explanation.
Type  H <return>  for immediate help.
 ...                                              
                                                  
l.85 ...∏≠ÁöÑÂÖ≥ÈîÆÂ≠óÔºåÊâÄ‰ª•ËøôÈáåÁî®EF‰ª£Êõø}}
                                                  
? 

! LaTeX Error: Unicode character Èáå (U+91CC)
               not set up for use with LaTeX.

See the LaTeX manual or LaTeX Companion for explanation.
Type  H <return>  for immediate help.
 ...                                              
                                                  
l.85 ...∏≠ÁöÑÂÖ≥ÈîÆÂ≠óÔºåÊâÄ‰ª•ËøôÈáåÁî®EF‰ª£Êõø}}
                                                  
? 

! LaTeX Error: Unicode character Áî® (U+7528)
               not set up for use with LaTeX.

See the LaTeX manual or LaTeX Companion for explanation.
Type  H <return>  for immediate help.
 ...                                              
                                                  
l.85 ...∏≠ÁöÑÂÖ≥ÈîÆÂ≠óÔºåÊâÄ‰ª•ËøôÈáåÁî®EF‰ª£Êõø}}
                                                  
? 

! LaTeX Error: Unicode character ‰ª£ (U+4EE3)
               not set up for use with LaTeX.

See the LaTeX manual or LaTeX Companion for explanation.
Type  H <return>  for immediate help.
 ...                                              
                                                  
l.85 ...∏≠ÁöÑÂÖ≥ÈîÆÂ≠óÔºåÊâÄ‰ª•ËøôÈáåÁî®EF‰ª£Êõø}}
                                                  
? 

! LaTeX Error: Unicode character Êõø (U+66FF)
               not set up for use with LaTeX.

See the LaTeX manual or LaTeX Companion for explanation.
Type  H <return>  for immediate help.
 ...                                              
                                                  
l.85 ...∏≠ÁöÑÂÖ≥ÈîÆÂ≠óÔºåÊâÄ‰ª•ËøôÈáåÁî®EF‰ª£Êõø}}
                                                  
? 

! LaTeX Error: Unicode character ÊÑè (U+610F)
               not set up for use with LaTeX.

See the LaTeX manual or LaTeX Companion for explanation.
Type  H <return>  for immediate help.
 ...                                              
                                                  
l.86 ...∫ÜÂíå‰∏äÈù¢ÁöÑ‚ÄùEF‚ÄúÁªü‰∏ÄË°®ËææËØ≠Ë®Ä}}
                                                  
? 

! LaTeX Error: Unicode character ‰∏∫ (U+4E3A)
               not set up for use with LaTeX.

See the LaTeX manual or LaTeX Companion for explanation.
Type  H <return>  for immediate help.
 ...                                              
                                                  
l.86 ...∫ÜÂíå‰∏äÈù¢ÁöÑ‚ÄùEF‚ÄúÁªü‰∏ÄË°®ËææËØ≠Ë®Ä}}
                                                  
? 

! LaTeX Error: Unicode character ‰∏Ä (U+4E00)
               not set up for use with LaTeX.

See the LaTeX manual or LaTeX Companion for explanation.
Type  H <return>  for immediate help.
 ...                                              
                                                  
l.86 ...∫ÜÂíå‰∏äÈù¢ÁöÑ‚ÄùEF‚ÄúÁªü‰∏ÄË°®ËææËØ≠Ë®Ä}}
                                                  
? 

! LaTeX Error: Unicode character Ë°å (U+884C)
               not set up for use with LaTeX.

See the LaTeX manual or LaTeX Companion for explanation.
Type  H <return>  for immediate help.
 ...                                              
                                                  
l.86 ...∫ÜÂíå‰∏äÈù¢ÁöÑ‚ÄùEF‚ÄúÁªü‰∏ÄË°®ËææËØ≠Ë®Ä}}
                                                  
? 

! LaTeX Error: Unicode character ÁöÑ (U+7684)
               not set up for use with LaTeX.

See the LaTeX manual or LaTeX Companion for explanation.
Type  H <return>  for immediate help.
 ...                                              
                                                  
l.86 ...∫ÜÂíå‰∏äÈù¢ÁöÑ‚ÄùEF‚ÄúÁªü‰∏ÄË°®ËææËØ≠Ë®Ä}}
                                                  
? 

! LaTeX Error: Unicode character Êú´ (U+672B)
               not set up for use with LaTeX.

See the LaTeX manual or LaTeX Companion for explanation.
Type  H <return>  for immediate help.
 ...                                              
                                                  
l.86 ...∫ÜÂíå‰∏äÈù¢ÁöÑ‚ÄùEF‚ÄúÁªü‰∏ÄË°®ËææËØ≠Ë®Ä}}
                                                  
? 

! LaTeX Error: Unicode character Â∞æ (U+5C3E)
               not set up for use with LaTeX.

See the LaTeX manual or LaTeX Companion for explanation.
Type  H <return>  for immediate help.
 ...                                              
                                                  
l.86 ...∫ÜÂíå‰∏äÈù¢ÁöÑ‚ÄùEF‚ÄúÁªü‰∏ÄË°®ËææËØ≠Ë®Ä}}
                                                  
? 

! LaTeX Error: Unicode character Ôºå (U+FF0C)
               not set up for use with LaTeX.

See the LaTeX manual or LaTeX Companion for explanation.
Type  H <return>  for immediate help.
 ...                                              
                                                  
l.86 ...∫ÜÂíå‰∏äÈù¢ÁöÑ‚ÄùEF‚ÄúÁªü‰∏ÄË°®ËææËØ≠Ë®Ä}}
                                                  
? 

! LaTeX Error: Unicode character Ëøô (U+8FD9)
               not set up for use with LaTeX.

See the LaTeX manual or LaTeX Companion for explanation.
Type  H <return>  for immediate help.
 ...                                              
                                                  
l.86 ...∫ÜÂíå‰∏äÈù¢ÁöÑ‚ÄùEF‚ÄúÁªü‰∏ÄË°®ËææËØ≠Ë®Ä}}
                                                  
? 

! LaTeX Error: Unicode character Èáå (U+91CC)
               not set up for use with LaTeX.

See the LaTeX manual or LaTeX Companion for explanation.
Type  H <return>  for immediate help.
 ...                                              
                                                  
l.86 ...∫ÜÂíå‰∏äÈù¢ÁöÑ‚ÄùEF‚ÄúÁªü‰∏ÄË°®ËææËØ≠Ë®Ä}}
                                                  
? r
OK, entering \nonstopmode...

! LaTeX Error: Unicode character ‰Ωø (U+4F7F)
               not set up for use with LaTeX.

See the LaTeX manual or LaTeX Companion for explanation.
Type  H <return>  for immediate help.
 ...                                              
                                                  
l.86 ...∫ÜÂíå‰∏äÈù¢ÁöÑ‚ÄùEF‚ÄúÁªü‰∏ÄË°®ËææËØ≠Ë®Ä}}
                                                  
You may provide a definition with
\DeclareUnicodeCharacter 


! LaTeX Error: Unicode character Áî® (U+7528)
               not set up for use with LaTeX.

See the LaTeX manual or LaTeX Companion for explanation.
Type  H <return>  for immediate help.
 ...                                              
                                                  
l.86 ...∫ÜÂíå‰∏äÈù¢ÁöÑ‚ÄùEF‚ÄúÁªü‰∏ÄË°®ËææËØ≠Ë®Ä}}
                                                  
You may provide a definition with
\DeclareUnicodeCharacter 


! LaTeX Error: Unicode character ÊòØ (U+662F)
               not set up for use with LaTeX.

See the LaTeX manual or LaTeX Companion for explanation.
Type  H <return>  for immediate help.
 ...                                              
                                                  
l.86 ...∫ÜÂíå‰∏äÈù¢ÁöÑ‚ÄùEF‚ÄúÁªü‰∏ÄË°®ËææËØ≠Ë®Ä}}
                                                  
You may provide a definition with
\DeclareUnicodeCharacter 


! LaTeX Error: Unicode character ‰∏∫ (U+4E3A)
               not set up for use with LaTeX.

See the LaTeX manual or LaTeX Companion for explanation.
Type  H <return>  for immediate help.
 ...                                              
                                                  
l.86 ...∫ÜÂíå‰∏äÈù¢ÁöÑ‚ÄùEF‚ÄúÁªü‰∏ÄË°®ËææËØ≠Ë®Ä}}
                                                  
You may provide a definition with
\DeclareUnicodeCharacter 


! LaTeX Error: Unicode character ‰∫Ü (U+4E86)
               not set up for use with LaTeX.

See the LaTeX manual or LaTeX Companion for explanation.
Type  H <return>  for immediate help.
 ...                                              
                                                  
l.86 ...∫ÜÂíå‰∏äÈù¢ÁöÑ‚ÄùEF‚ÄúÁªü‰∏ÄË°®ËææËØ≠Ë®Ä}}
                                                  
You may provide a definition with
\DeclareUnicodeCharacter 


! LaTeX Error: Unicode character Âíå (U+548C)
               not set up for use with LaTeX.

See the LaTeX manual or LaTeX Companion for explanation.
Type  H <return>  for immediate help.
 ...                                              
                                                  
l.86 ...∫ÜÂíå‰∏äÈù¢ÁöÑ‚ÄùEF‚ÄúÁªü‰∏ÄË°®ËææËØ≠Ë®Ä}}
                                                  
You may provide a definition with
\DeclareUnicodeCharacter 


! LaTeX Error: Unicode character ‰∏ä (U+4E0A)
               not set up for use with LaTeX.

See the LaTeX manual or LaTeX Companion for explanation.
Type  H <return>  for immediate help.
 ...                                              
                                                  
l.86 ...∫ÜÂíå‰∏äÈù¢ÁöÑ‚ÄùEF‚ÄúÁªü‰∏ÄË°®ËææËØ≠Ë®Ä}}
                                                  
You may provide a definition with
\DeclareUnicodeCharacter 


! LaTeX Error: Unicode character Èù¢ (U+9762)
               not set up for use with LaTeX.

See the LaTeX manual or LaTeX Companion for explanation.
Type  H <return>  for immediate help.
 ...                                              
                                                  
l.86 ...∫ÜÂíå‰∏äÈù¢ÁöÑ‚ÄùEF‚ÄúÁªü‰∏ÄË°®ËææËØ≠Ë®Ä}}
                                                  
You may provide a definition with
\DeclareUnicodeCharacter 


! LaTeX Error: Unicode character ÁöÑ (U+7684)
               not set up for use with LaTeX.

See the LaTeX manual or LaTeX Companion for explanation.
Type  H <return>  for immediate help.
 ...                                              
                                                  
l.86 ...∫ÜÂíå‰∏äÈù¢ÁöÑ‚ÄùEF‚ÄúÁªü‰∏ÄË°®ËææËØ≠Ë®Ä}}
                                                  
You may provide a definition with
\DeclareUnicodeCharacter 


! LaTeX Error: Unicode character Áªü (U+7EDF)
               not set up for use with LaTeX.

See the LaTeX manual or LaTeX Companion for explanation.
Type  H <return>  for immediate help.
 ...                                              
                                                  
l.86 ...∫ÜÂíå‰∏äÈù¢ÁöÑ‚ÄùEF‚ÄúÁªü‰∏ÄË°®ËææËØ≠Ë®Ä}}
                                                  
You may provide a definition with
\DeclareUnicodeCharacter 


! LaTeX Error: Unicode character ‰∏Ä (U+4E00)
               not set up for use with LaTeX.

See the LaTeX manual or LaTeX Companion for explanation.
Type  H <return>  for immediate help.
 ...                                              
                                                  
l.86 ...∫ÜÂíå‰∏äÈù¢ÁöÑ‚ÄùEF‚ÄúÁªü‰∏ÄË°®ËææËØ≠Ë®Ä}}
                                                  
You may provide a definition with
\DeclareUnicodeCharacter 


! LaTeX Error: Unicode character Ë°® (U+8868)
               not set up for use with LaTeX.

See the LaTeX manual or LaTeX Companion for explanation.
Type  H <return>  for immediate help.
 ...                                              
                                                  
l.86 ...∫ÜÂíå‰∏äÈù¢ÁöÑ‚ÄùEF‚ÄúÁªü‰∏ÄË°®ËææËØ≠Ë®Ä}}
                                                  
You may provide a definition with
\DeclareUnicodeCharacter 


! LaTeX Error: Unicode character Ëææ (U+8FBE)
               not set up for use with LaTeX.

See the LaTeX manual or LaTeX Companion for explanation.
Type  H <return>  for immediate help.
 ...                                              
                                                  
l.86 ...∫ÜÂíå‰∏äÈù¢ÁöÑ‚ÄùEF‚ÄúÁªü‰∏ÄË°®ËææËØ≠Ë®Ä}}
                                                  
You may provide a definition with
\DeclareUnicodeCharacter 


! LaTeX Error: Unicode character ËØ≠ (U+8BED)
               not set up for use with LaTeX.

See the LaTeX manual or LaTeX Companion for explanation.
Type  H <return>  for immediate help.
 ...                                              
                                                  
l.86 ...∫ÜÂíå‰∏äÈù¢ÁöÑ‚ÄùEF‚ÄúÁªü‰∏ÄË°®ËææËØ≠Ë®Ä}}
                                                  
You may provide a definition with
\DeclareUnicodeCharacter 


! LaTeX Error: Unicode character Ë®Ä (U+8A00)
               not set up for use with LaTeX.

See the LaTeX manual or LaTeX Companion for explanation.
Type  H <return>  for immediate help.
 ...                                              
                                                  
l.86 ...∫ÜÂíå‰∏äÈù¢ÁöÑ‚ÄùEF‚ÄúÁªü‰∏ÄË°®ËææËØ≠Ë®Ä}}
                                                  
You may provide a definition with
\DeclareUnicodeCharacter 

) (./_error_8h_source.tex [47]) (./_illegal_char_error_8h_source.tex)
(./_invalid_syntax_error_8h_source.tex) (./_not_implemented_error_8h_source.tex
[48]) (./_runtime_error_8h_source.tex) (./_interpreter_8h_source.tex [49])
(./_lexer_8h_source.tex) (./_binary_operator_node_8h_source.tex [50])
(./_call_node_8h_source.tex) (./_for_node_8h_source.tex [51])
(./_if_node_8h_source.tex) (./_node_8h_source.tex [52])
(./_obj_access_node_8h_source.tex) (./_obj_assign_node_8h_source.tex [53])
(./_func_obj_node_8h_source.tex) (./_num_obj_node_8h_source.tex [54])
(./_object_node_8h_source.tex) (./_str_obj_node_8h_source.tex [55])
(./_statements_node_8h_source.tex) (./_unary_operator_node_8h_source.tex)
(./_while_node_8h_source.tex [56]) (./_float_8h_source.tex [57])
(./_function_8h_source.tex) (./_integer_8h_source.tex [58])
(./_list_8h_source.tex) (./_none_8h_source.tex) (./_object_8h_source.tex
[59]) (./_string_8h_source.tex [60]) (./_parser_8h_source.tex [61])
(./_shell_8h_source.tex) [62] (./refman.ind
LaTeX Font Info:    Font shape `T1/phv/m/n' will be
(Font)              scaled to size 22.39185pt on input line 1.
 [63



] [64] [65

]) (./refman.aux)
Package rerunfilecheck Info: File `refman.out' has not changed.
(rerunfilecheck)             Checksum: B91F3B4CDE561D7E591BDD14F67316EB;30911.
 ) 
Here is how much of TeX's memory you used:
 19639 strings out of 478268
 351274 string characters out of 5843326
 658827 words of memory out of 5000000
 36649 multiletter control sequences out of 15000+600000
 510309 words of font info for 84 fonts, out of 8000000 for 9000
 1141 hyphenation exceptions out of 8191
 99i,16n,117p,741b,450s stack positions out of 10000i,1000n,20000p,200000b,200000s
{e:/Program Files/texlive/2022/texmf-dist/fonts/enc/dvips/base/8r.enc}<e:/Pro
gram Files/texlive/2022/texmf-dist/fonts/type1/public/amsfonts/cm/cmmi10.pfb><e
:/Program Files/texlive/2022/texmf-dist/fonts/type1/public/amsfonts/cm/cmmi7.pf
b><e:/Program Files/texlive/2022/texmf-dist/fonts/type1/public/amsfonts/cm/cmmi
8.pfb><e:/Program Files/texlive/2022/texmf-dist/fonts/type1/public/amsfonts/cm/
cmsy10.pfb><e:/Program Files/texlive/2022/texmf-dist/fonts/type1/public/amsfont
s/cm/cmsy7.pfb><e:/Program Files/texlive/2022/texmf-dist/fonts/type1/public/ams
fonts/cm/cmsy8.pfb><e:/Program Files/texlive/2022/texmf-dist/fonts/type1/urw/co
urier/ucrr8a.pfb><e:/Program Files/texlive/2022/texmf-dist/fonts/type1/urw/cour
ier/ucrro8a.pfb><e:/Program Files/texlive/2022/texmf-dist/fonts/type1/urw/helve
tic/uhvb8a.pfb><e:/Program Files/texlive/2022/texmf-dist/fonts/type1/urw/helvet
ic/uhvr8a.pfb>
Output written on refman.pdf (71 pages, 356413 bytes).
PDF statistics:
 3600 PDF objects out of 4296 (max. 8388607)
 3424 compressed objects within 35 object streams
 743 named destinations out of 1000 (max. 500000)
 1433 words of extra memory for PDF output out of 10000 (max. 10000000)

